2025-06-18 10:41:18,372 - __main__ - INFO - Initializing Facial Attendance System...
2025-06-18 10:41:20,764 - src.face_recognizer - INFO - Face recognizer initialized with model path: None
2025-06-18 10:41:20,764 - src.face_recognizer - INFO - Cleared all known face encodings
2025-06-18 10:41:20,771 - src.face_recognizer - INFO - Loaded encoding for user 129259
2025-06-18 10:41:20,772 - src.face_recognizer - INFO - Reloaded 1 user face encodings
2025-06-18 10:41:21,769 - __main__ - INFO - System initialization completed successfully
2025-06-18 10:41:21,771 - __main__ - INFO - Starting in GUI mode
2025-06-18 10:41:21,790 - __main__ - INFO - Loading Complete GUI
2025-06-18 10:41:24,393 - src.face_recognizer - INFO - Face recognizer initialized with model path: None
2025-06-18 10:41:24,394 - src.face_recognizer - INFO - Cleared all known face encodings
2025-06-18 10:41:24,397 - src.face_recognizer - INFO - Loaded encoding for user 129259
2025-06-18 10:41:24,398 - src.face_recognizer - INFO - Reloaded 1 user face encodings
2025-06-18 10:41:24,750 - src.face_recognizer - INFO - Cleared all known face encodings
2025-06-18 10:41:24,753 - src.face_recognizer - INFO - Loaded encoding for user 129259
2025-06-18 10:41:24,754 - src.face_recognizer - INFO - Reloaded 1 user face encodings
2025-06-18 10:41:26,483 - __main__ - ERROR - GUI error: 'CompleteMainWindow' object has no attribute 'on_closing'
2025-06-18 10:41:26,483 - __main__ - INFO - Starting in CLI mode
2025-06-18 10:41:31,525 - __main__ - INFO - Attempting to initialize camera 0 (attempt 1/3)
2025-06-18 10:41:35,629 - __main__ - INFO - Camera initialized successfully
2025-06-18 10:41:36,048 - __main__ - ERROR - Error in CLI mode: too many values to unpack (expected 4)
Traceback (most recent call last):
  File "main.py", line 712, in run_gui_mode
    root.protocol("WM_DELETE_WINDOW", getattr(app, 'close_application', app.on_closing))
AttributeError: 'CompleteMainWindow' object has no attribute 'on_closing'

During handling of the above exception, another exception occurred:

Traceback (most recent call last):
  File "main.py", line 612, in run_cli_mode
    x, y, w, h = face
ValueError: too many values to unpack (expected 4)
2025-06-18 10:41:36,383 - __main__ - ERROR - An unexpected error occurred: OpenCV(4.11.0) D:\a\opencv-python\opencv-python\opencv\modules\highgui\src\window.cpp:1295: error: (-2:Unspecified error) The function is not implemented. Rebuild the library with Windows, GTK+ 2.x or Cocoa support. If you are on Ubuntu or Debian, install libgtk2.0-dev and pkg-config, then re-run cmake or configure script in function 'cvDestroyAllWindows'
Traceback (most recent call last):
  File "main.py", line 712, in run_gui_mode
    root.protocol("WM_DELETE_WINDOW", getattr(app, 'close_application', app.on_closing))
AttributeError: 'CompleteMainWindow' object has no attribute 'on_closing'

During handling of the above exception, another exception occurred:

Traceback (most recent call last):
  File "main.py", line 777, in main
    run_gui_mode(components, args)
  File "main.py", line 722, in run_gui_mode
    run_cli_mode(components, args)
  File "main.py", line 677, in run_cli_mode
    cv2.destroyAllWindows()
cv2.error: OpenCV(4.11.0) D:\a\opencv-python\opencv-python\opencv\modules\highgui\src\window.cpp:1295: error: (-2:Unspecified error) The function is not implemented. Rebuild the library with Windows, GTK+ 2.x or Cocoa support. If you are on Ubuntu or Debian, install libgtk2.0-dev and pkg-config, then re-run cmake or configure script in function 'cvDestroyAllWindows'

2025-06-18 10:42:29,295 - __main__ - INFO - Initializing Facial Attendance System...
2025-06-18 10:42:31,074 - src.face_recognizer - INFO - Face recognizer initialized with model path: None
2025-06-18 10:42:31,076 - src.face_recognizer - INFO - Cleared all known face encodings
2025-06-18 10:42:31,078 - src.face_recognizer - INFO - Loaded encoding for user 129259
2025-06-18 10:42:31,078 - src.face_recognizer - INFO - Reloaded 1 user face encodings
2025-06-18 10:42:31,498 - __main__ - INFO - System initialization completed successfully
2025-06-18 10:42:31,498 - __main__ - INFO - Starting in GUI mode
2025-06-18 10:42:31,509 - __main__ - INFO - Loading Complete GUI
2025-06-18 10:42:33,542 - src.face_recognizer - INFO - Face recognizer initialized with model path: None
2025-06-18 10:42:33,543 - src.face_recognizer - INFO - Cleared all known face encodings
2025-06-18 10:42:33,544 - src.face_recognizer - INFO - Loaded encoding for user 129259
2025-06-18 10:42:33,545 - src.face_recognizer - INFO - Reloaded 1 user face encodings
2025-06-18 10:42:33,844 - src.face_recognizer - INFO - Cleared all known face encodings
2025-06-18 10:42:33,845 - src.face_recognizer - INFO - Loaded encoding for user 129259
2025-06-18 10:42:33,847 - src.face_recognizer - INFO - Reloaded 1 user face encodings
2025-06-18 10:42:35,306 - __main__ - ERROR - GUI error: 'CompleteMainWindow' object has no attribute 'on_closing'
2025-06-18 10:42:35,306 - __main__ - INFO - Starting in CLI mode
2025-06-18 10:42:40,321 - __main__ - INFO - Attempting to initialize camera 0 (attempt 1/3)
2025-06-18 10:42:43,302 - __main__ - INFO - Camera initialized successfully
2025-06-18 10:42:43,699 - __main__ - ERROR - Error in CLI mode: too many values to unpack (expected 4)
Traceback (most recent call last):
  File "main.py", line 712, in run_gui_mode
    root.protocol("WM_DELETE_WINDOW", getattr(app, 'close_application', app.on_closing))
AttributeError: 'CompleteMainWindow' object has no attribute 'on_closing'

During handling of the above exception, another exception occurred:

Traceback (most recent call last):
  File "main.py", line 612, in run_cli_mode
    x, y, w, h = face
ValueError: too many values to unpack (expected 4)
2025-06-18 10:42:44,030 - __main__ - ERROR - An unexpected error occurred: OpenCV(4.11.0) D:\a\opencv-python\opencv-python\opencv\modules\highgui\src\window.cpp:1295: error: (-2:Unspecified error) The function is not implemented. Rebuild the library with Windows, GTK+ 2.x or Cocoa support. If you are on Ubuntu or Debian, install libgtk2.0-dev and pkg-config, then re-run cmake or configure script in function 'cvDestroyAllWindows'
Traceback (most recent call last):
  File "main.py", line 712, in run_gui_mode
    root.protocol("WM_DELETE_WINDOW", getattr(app, 'close_application', app.on_closing))
AttributeError: 'CompleteMainWindow' object has no attribute 'on_closing'

During handling of the above exception, another exception occurred:

Traceback (most recent call last):
  File "main.py", line 777, in main
    run_gui_mode(components, args)
  File "main.py", line 722, in run_gui_mode
    run_cli_mode(components, args)
  File "main.py", line 677, in run_cli_mode
    cv2.destroyAllWindows()
cv2.error: OpenCV(4.11.0) D:\a\opencv-python\opencv-python\opencv\modules\highgui\src\window.cpp:1295: error: (-2:Unspecified error) The function is not implemented. Rebuild the library with Windows, GTK+ 2.x or Cocoa support. If you are on Ubuntu or Debian, install libgtk2.0-dev and pkg-config, then re-run cmake or configure script in function 'cvDestroyAllWindows'

2025-06-18 10:54:40,837 - __main__ - INFO - Initializing Facial Attendance System...
2025-06-18 10:54:42,620 - src.face_recognizer - INFO - Face recognizer initialized with model path: None
2025-06-18 10:54:42,620 - src.face_recognizer - INFO - Cleared all known face encodings
2025-06-18 10:54:42,643 - src.face_recognizer - INFO - Loaded encoding for user 129259
2025-06-18 10:54:42,643 - src.face_recognizer - INFO - Reloaded 1 user face encodings
2025-06-18 10:54:43,383 - __main__ - INFO - System initialization completed successfully
2025-06-18 10:54:43,383 - __main__ - INFO - Starting in GUI mode
2025-06-18 10:54:43,402 - __main__ - INFO - Loading Complete GUI
2025-06-18 10:54:46,049 - src.face_recognizer - INFO - Face recognizer initialized with model path: None
2025-06-18 10:54:46,049 - src.face_recognizer - INFO - Cleared all known face encodings
2025-06-18 10:54:46,051 - src.face_recognizer - INFO - Loaded encoding for user 129259
2025-06-18 10:54:46,070 - src.face_recognizer - INFO - Reloaded 1 user face encodings
2025-06-18 10:54:46,355 - src.face_recognizer - INFO - Cleared all known face encodings
2025-06-18 10:54:46,357 - src.face_recognizer - INFO - Loaded encoding for user 129259
2025-06-18 10:54:46,357 - src.face_recognizer - INFO - Reloaded 1 user face encodings
2025-06-18 10:55:00,918 - src.face_recognizer - WARNING - No face detected in provided image, using whole image
2025-06-18 10:55:02,401 - src.face_recognizer - WARNING - No face detected in provided image, using whole image
2025-06-18 10:55:03,334 - src.face_recognizer - WARNING - No face detected in provided image, using whole image
2025-06-18 10:55:04,326 - src.face_recognizer - WARNING - No face detected in provided image, using whole image
2025-06-18 10:55:05,237 - src.face_recognizer - WARNING - No face detected in provided image, using whole image
2025-06-18 10:55:06,175 - src.face_recognizer - WARNING - No face detected in provided image, using whole image
2025-06-18 10:55:07,063 - src.face_recognizer - WARNING - No face detected in provided image, using whole image
2025-06-18 10:55:07,930 - src.face_recognizer - WARNING - No face detected in provided image, using whole image
2025-06-18 10:55:09,278 - src.face_recognizer - WARNING - No face detected in provided image, using whole image
2025-06-18 10:55:10,171 - src.face_recognizer - WARNING - No face detected in provided image, using whole image
2025-06-18 10:55:11,079 - src.face_recognizer - WARNING - No face detected in provided image, using whole image
2025-06-18 10:55:14,513 - src.face_recognizer - WARNING - No face detected in provided image, using whole image
2025-06-18 10:55:15,573 - src.face_recognizer - WARNING - No face detected in provided image, using whole image
2025-06-18 10:55:16,448 - src.face_recognizer - WARNING - No face detected in provided image, using whole image
2025-06-18 10:55:18,237 - src.face_recognizer - WARNING - No face detected in provided image, using whole image
2025-06-18 10:55:19,984 - src.face_recognizer - WARNING - No face detected in provided image, using whole image
2025-06-18 10:55:29,487 - src.face_recognizer - WARNING - No face detected in provided image, using whole image
2025-06-18 10:55:43,080 - src.face_recognizer - WARNING - No face detected in provided image, using whole image
2025-06-18 10:55:43,920 - src.face_recognizer - WARNING - No face detected in provided image, using whole image
2025-06-18 10:55:44,905 - src.face_recognizer - WARNING - No face detected in provided image, using whole image
2025-06-18 10:55:46,107 - __main__ - INFO - Application closed normally
2025-06-18 11:05:50,611 - __main__ - INFO - Initializing Facial Attendance System...
2025-06-18 11:05:52,587 - src.face_recognizer - INFO - Face recognizer initialized with model path: None
2025-06-18 11:05:52,588 - src.face_recognizer - INFO - Cleared all known face encodings
2025-06-18 11:05:52,592 - src.face_recognizer - INFO - Loaded encoding for user 129259
2025-06-18 11:05:52,594 - src.face_recognizer - INFO - Reloaded 1 user face encodings
2025-06-18 11:05:53,250 - __main__ - INFO - System initialization completed successfully
2025-06-18 11:05:53,251 - __main__ - INFO - Starting in GUI mode
2025-06-18 11:05:53,257 - __main__ - INFO - Loading Complete GUI
2025-06-18 11:05:56,150 - src.face_recognizer - INFO - Face recognizer initialized with model path: None
2025-06-18 11:05:56,150 - src.face_recognizer - INFO - Cleared all known face encodings
2025-06-18 11:05:56,152 - src.face_recognizer - INFO - Loaded encoding for user 129259
2025-06-18 11:05:56,152 - src.face_recognizer - INFO - Reloaded 1 user face encodings
2025-06-18 11:05:56,431 - src.face_recognizer - INFO - Cleared all known face encodings
2025-06-18 11:05:56,431 - src.face_recognizer - INFO - Loaded encoding for user 129259
2025-06-18 11:05:56,431 - src.face_recognizer - INFO - Reloaded 1 user face encodings
2025-06-18 11:06:17,061 - src.face_recognizer - WARNING - No face detected in provided image, using whole image
2025-06-18 11:06:20,084 - src.face_recognizer - WARNING - No face detected in provided image, using whole image
2025-06-18 11:06:20,991 - src.face_recognizer - WARNING - No face detected in provided image, using whole image
2025-06-18 11:06:25,136 - src.face_recognizer - WARNING - No face detected in provided image, using whole image
2025-06-18 11:06:26,041 - src.face_recognizer - WARNING - No face detected in provided image, using whole image
2025-06-18 11:06:27,504 - src.face_recognizer - WARNING - No face detected in provided image, using whole image
2025-06-18 11:06:30,537 - __main__ - INFO - Application closed normally
2025-06-18 11:30:52,518 - __main__ - INFO - Initializing Facial Attendance System...
2025-06-18 11:30:54,446 - src.face_recognizer - INFO - Face recognizer initialized with model path: None
2025-06-18 11:30:54,447 - src.face_recognizer - INFO - Cleared all known face encodings
2025-06-18 11:30:54,450 - src.face_recognizer - INFO - Loaded encoding for user 129259
2025-06-18 11:30:54,450 - src.face_recognizer - INFO - Reloaded 1 user face encodings
2025-06-18 11:30:56,564 - __main__ - INFO - System initialization completed successfully
2025-06-18 11:30:56,565 - __main__ - INFO - Starting in GUI mode
2025-06-18 11:30:56,579 - __main__ - INFO - Loading Complete GUI
2025-06-18 11:30:59,344 - src.face_recognizer - INFO - Face recognizer initialized with model path: None
2025-06-18 11:30:59,345 - src.face_recognizer - INFO - Cleared all known face encodings
2025-06-18 11:30:59,347 - src.face_recognizer - INFO - Loaded encoding for user 129259
2025-06-18 11:30:59,347 - src.face_recognizer - INFO - Reloaded 1 user face encodings
2025-06-18 11:30:59,634 - src.face_recognizer - INFO - Cleared all known face encodings
2025-06-18 11:30:59,635 - src.face_recognizer - INFO - Loaded encoding for user 129259
2025-06-18 11:30:59,636 - src.face_recognizer - INFO - Reloaded 1 user face encodings
2025-06-18 11:32:33,524 - src.face_recognizer - WARNING - No face detected in provided image, using whole image
2025-06-18 11:32:35,175 - src.face_recognizer - WARNING - No face detected in provided image, using whole image
2025-06-18 11:32:46,103 - src.face_recognizer - WARNING - No face detected in provided image, using whole image
2025-06-18 11:32:46,795 - src.face_recognizer - WARNING - No face detected in provided image, using whole image
2025-06-18 11:32:49,823 - src.face_recognizer - WARNING - No face detected in provided image, using whole image
2025-06-18 11:32:51,970 - __main__ - INFO - Application closed normally
2025-06-18 16:26:55,629 - __main__ - INFO - Initializing Facial Attendance System...
2025-06-18 16:26:57,937 - src.face_recognizer - INFO - Face recognizer initialized with model path: None
2025-06-18 16:26:57,937 - src.face_recognizer - INFO - Cleared all known face encodings
2025-06-18 16:26:57,943 - src.face_recognizer - INFO - Loaded encoding for user 129259
2025-06-18 16:26:57,944 - src.face_recognizer - INFO - Reloaded 1 user face encodings
2025-06-18 16:27:00,590 - __main__ - INFO - System initialization completed successfully
2025-06-18 16:27:00,591 - __main__ - INFO - Starting in GUI mode
2025-06-18 16:27:00,605 - __main__ - INFO - Loading Complete GUI
2025-06-18 16:27:04,321 - src.face_recognizer - INFO - Face recognizer initialized with model path: None
2025-06-18 16:27:04,321 - src.face_recognizer - INFO - Cleared all known face encodings
2025-06-18 16:27:04,323 - src.face_recognizer - INFO - Loaded encoding for user 129259
2025-06-18 16:27:04,323 - src.face_recognizer - INFO - Reloaded 1 user face encodings
2025-06-18 16:27:04,623 - src.face_recognizer - INFO - Cleared all known face encodings
2025-06-18 16:27:04,625 - src.face_recognizer - INFO - Loaded encoding for user 129259
2025-06-18 16:27:04,625 - src.face_recognizer - INFO - Reloaded 1 user face encodings
2025-06-18 16:27:29,643 - src.face_recognizer - WARNING - No face detected in provided image, using whole image
2025-06-18 16:27:31,087 - src.face_recognizer - WARNING - No face detected in provided image, using whole image
2025-06-18 16:27:33,657 - src.face_recognizer - WARNING - No face detected in provided image, using whole image
2025-06-18 16:27:36,261 - src.face_recognizer - WARNING - No face detected in provided image, using whole image
2025-06-18 16:27:37,475 - src.face_recognizer - WARNING - No face detected in provided image, using whole image
2025-06-18 16:27:38,358 - src.face_recognizer - WARNING - No face detected in provided image, using whole image
2025-06-18 16:27:39,361 - src.face_recognizer - WARNING - No face detected in provided image, using whole image
2025-06-18 16:27:41,159 - src.face_recognizer - WARNING - No face detected in provided image, using whole image
2025-06-18 16:27:42,077 - src.face_recognizer - WARNING - No face detected in provided image, using whole image
2025-06-18 16:27:45,137 - src.face_recognizer - WARNING - No face detected in provided image, using whole image
2025-06-18 16:27:46,010 - src.face_recognizer - WARNING - No face detected in provided image, using whole image
2025-06-18 16:27:48,133 - src.face_recognizer - WARNING - No face detected in provided image, using whole image
2025-06-18 16:27:50,922 - src.face_recognizer - WARNING - No face detected in provided image, using whole image
2025-06-18 16:28:07,451 - src.face_recognizer - WARNING - No face detected in provided image, using whole image
2025-06-18 16:28:10,452 - src.face_recognizer - WARNING - No face detected in provided image, using whole image
2025-06-18 16:28:11,485 - src.face_recognizer - WARNING - No face detected in provided image, using whole image
2025-06-18 16:28:24,419 - __main__ - INFO - Application closed normally
