2025-06-17 10:46:23,519 - __main__ - INFO - Initializing Facial Attendance System...
2025-06-17 10:46:25,282 - src.face_recognizer - INFO - Model loading placeholder - using face_recognition library
2025-06-17 10:46:25,282 - src.face_recognizer - INFO - Face recognizer initialized with model path: models\face_recognition_model.h5
2025-06-17 10:46:25,282 - src.face_recognizer - INFO - Cleared all known face encodings
2025-06-17 10:46:25,302 - src.face_recognizer - INFO - Loaded encoding for user 129259
2025-06-17 10:46:25,302 - src.face_recognizer - INFO - Reloaded 1 user face encodings
2025-06-17 10:46:26,064 - __main__ - INFO - Starting in GUI mode
2025-06-17 10:46:26,125 - __main__ - INFO - Loading Complete GUI with live camera features
2025-06-17 10:46:28,826 - src.face_recognizer - INFO - Face recognizer initialized with model path: None
2025-06-17 10:46:28,826 - src.face_recognizer - INFO - Cleared all known face encodings
2025-06-17 10:46:28,828 - src.face_recognizer - INFO - Loaded encoding for user 129259
2025-06-17 10:46:28,828 - src.face_recognizer - INFO - Reloaded 1 user face encodings
2025-06-17 10:46:29,091 - src.face_recognizer - INFO - Cleared all known face encodings
2025-06-17 10:46:29,092 - src.face_recognizer - INFO - Loaded encoding for user 129259
2025-06-17 10:46:29,093 - src.face_recognizer - INFO - Reloaded 1 user face encodings
2025-06-17 10:47:10,039 - __main__ - INFO - Application closed normally
2025-06-17 10:49:32,544 - __main__ - INFO - Initializing Facial Attendance System...
2025-06-17 10:49:34,935 - src.face_recognizer - INFO - Model loading placeholder - using face_recognition library
2025-06-17 10:49:34,935 - src.face_recognizer - INFO - Face recognizer initialized with model path: models\face_recognition_model.h5
2025-06-17 10:49:34,936 - src.face_recognizer - INFO - Cleared all known face encodings
2025-06-17 10:49:34,937 - src.face_recognizer - INFO - Loaded encoding for user 129259
2025-06-17 10:49:34,938 - src.face_recognizer - INFO - Reloaded 1 user face encodings
2025-06-17 10:49:35,471 - __main__ - INFO - Starting in GUI mode
2025-06-17 10:49:35,520 - __main__ - INFO - Loading Complete GUI with live camera features
2025-06-17 10:49:38,012 - src.face_recognizer - INFO - Face recognizer initialized with model path: None
2025-06-17 10:49:38,014 - src.face_recognizer - INFO - Cleared all known face encodings
2025-06-17 10:49:38,017 - src.face_recognizer - INFO - Loaded encoding for user 129259
2025-06-17 10:49:38,018 - src.face_recognizer - INFO - Reloaded 1 user face encodings
2025-06-17 10:49:38,356 - src.face_recognizer - INFO - Cleared all known face encodings
2025-06-17 10:49:38,359 - src.face_recognizer - INFO - Loaded encoding for user 129259
2025-06-17 10:49:38,359 - src.face_recognizer - INFO - Reloaded 1 user face encodings
2025-06-17 10:49:53,944 - src.face_recognizer - WARNING - No face detected in provided image, using whole image
2025-06-17 10:50:07,393 - src.face_recognizer - WARNING - No face detected in provided image, using whole image
2025-06-17 10:50:08,514 - src.face_recognizer - WARNING - No face detected in provided image, using whole image
2025-06-17 10:50:10,871 - __main__ - INFO - Application closed normally
2025-06-17 11:27:00,860 - __main__ - INFO - Initializing Facial Attendance System...
2025-06-17 11:27:02,677 - src.face_recognizer - INFO - Face recognizer initialized with model path: None
2025-06-17 11:27:02,678 - src.face_recognizer - INFO - Cleared all known face encodings
2025-06-17 11:27:02,682 - src.face_recognizer - INFO - Loaded encoding for user 129259
2025-06-17 11:27:02,682 - src.face_recognizer - INFO - Reloaded 1 user face encodings
2025-06-17 11:27:03,433 - __main__ - INFO - System initialization completed successfully
2025-06-17 11:27:03,433 - __main__ - INFO - Starting in GUI mode
2025-06-17 11:27:05,513 - src.face_recognizer - INFO - Face recognizer initialized with model path: None
2025-06-17 11:27:05,514 - src.face_recognizer - INFO - Cleared all known face encodings
2025-06-17 11:27:05,515 - src.face_recognizer - INFO - Loaded encoding for user 129259
2025-06-17 11:27:05,515 - src.face_recognizer - INFO - Reloaded 1 user face encodings
2025-06-17 11:27:05,792 - src.face_recognizer - INFO - Cleared all known face encodings
2025-06-17 11:27:05,794 - src.face_recognizer - INFO - Loaded encoding for user 129259
2025-06-17 11:27:05,794 - src.face_recognizer - INFO - Reloaded 1 user face encodings
2025-06-17 11:27:05,842 - __main__ - INFO - Attempting to initialize camera 0 (attempt 1/3)
2025-06-17 11:27:08,843 - __main__ - INFO - Camera initialized successfully
2025-06-17 11:27:08,846 - __main__ - INFO - Attempting to connect to mobile camera http://192.168.29.90:4747/video (attempt 1/3)
2025-06-17 11:27:09,966 - __main__ - ERROR - Error in left camera feed: main thread is not in main loop
2025-06-17 11:27:11,262 - __main__ - ERROR - Error connecting to mobile camera on attempt 1: HTTPConnectionPool(host='192.168.29.90', port=4747): Max retries exceeded with url: /video (Caused by NewConnectionError('<urllib3.connection.HTTPConnection object at 0x000001E4354A73D0>: Failed to establish a new connection: [WinError 10061] No connection could be made because the target machine actively refused it'))
2025-06-17 11:27:12,276 - __main__ - INFO - Attempting to connect to mobile camera http://192.168.29.90:4747/video (attempt 2/3)
2025-06-17 11:27:14,632 - __main__ - ERROR - Error connecting to mobile camera on attempt 2: HTTPConnectionPool(host='192.168.29.90', port=4747): Max retries exceeded with url: /video (Caused by NewConnectionError('<urllib3.connection.HTTPConnection object at 0x000001E4354A7D60>: Failed to establish a new connection: [WinError 10061] No connection could be made because the target machine actively refused it'))
2025-06-17 11:27:15,638 - __main__ - INFO - Attempting to connect to mobile camera http://192.168.29.90:4747/video (attempt 3/3)
2025-06-17 11:27:17,901 - __main__ - ERROR - Error connecting to mobile camera on attempt 3: HTTPConnectionPool(host='192.168.29.90', port=4747): Max retries exceeded with url: /video (Caused by NewConnectionError('<urllib3.connection.HTTPConnection object at 0x000001E4354C0700>: Failed to establish a new connection: [WinError 10061] No connection could be made because the target machine actively refused it'))
2025-06-17 11:27:17,902 - __main__ - ERROR - Failed to connect to mobile camera after all attempts
2025-06-17 11:35:58,376 - __main__ - INFO - Attempting to initialize camera 0 (attempt 1/3)
2025-06-17 11:36:00,785 - __main__ - INFO - Camera initialized successfully
2025-06-17 11:36:00,913 - __main__ - ERROR - Error processing frame: too many values to unpack (expected 4)
2025-06-17 11:36:01,129 - __main__ - ERROR - Error processing frame: too many values to unpack (expected 4)
2025-06-17 11:36:01,297 - __main__ - ERROR - Error processing frame: too many values to unpack (expected 4)
2025-06-17 11:36:01,412 - __main__ - ERROR - Error processing frame: too many values to unpack (expected 4)
2025-06-17 11:36:01,545 - __main__ - ERROR - Error processing frame: too many values to unpack (expected 4)
2025-06-17 11:36:01,681 - __main__ - ERROR - Error processing frame: too many values to unpack (expected 4)
2025-06-17 11:36:01,833 - __main__ - ERROR - Error processing frame: too many values to unpack (expected 4)
2025-06-17 11:36:01,981 - __main__ - ERROR - Error processing frame: too many values to unpack (expected 4)
2025-06-17 11:36:02,105 - __main__ - ERROR - Error processing frame: too many values to unpack (expected 4)
2025-06-17 11:36:02,239 - __main__ - ERROR - Error processing frame: too many values to unpack (expected 4)
2025-06-17 11:36:02,369 - __main__ - ERROR - Error processing frame: too many values to unpack (expected 4)
2025-06-17 11:36:02,507 - __main__ - ERROR - Error processing frame: too many values to unpack (expected 4)
2025-06-17 11:36:02,632 - __main__ - ERROR - Error processing frame: too many values to unpack (expected 4)
2025-06-17 11:36:02,752 - __main__ - ERROR - Error processing frame: too many values to unpack (expected 4)
2025-06-17 11:36:02,897 - __main__ - ERROR - Error processing frame: too many values to unpack (expected 4)
2025-06-17 11:36:03,048 - __main__ - ERROR - Error processing frame: too many values to unpack (expected 4)
2025-06-17 11:36:03,172 - __main__ - ERROR - Error processing frame: too many values to unpack (expected 4)
2025-06-17 11:36:03,297 - __main__ - ERROR - Error processing frame: too many values to unpack (expected 4)
2025-06-17 11:36:03,436 - __main__ - ERROR - Error processing frame: too many values to unpack (expected 4)
2025-06-17 11:36:03,565 - __main__ - ERROR - Error processing frame: too many values to unpack (expected 4)
2025-06-17 11:36:03,690 - __main__ - ERROR - Error processing frame: too many values to unpack (expected 4)
2025-06-17 11:36:03,822 - __main__ - ERROR - Error processing frame: too many values to unpack (expected 4)
2025-06-17 11:36:03,981 - __main__ - ERROR - Error processing frame: too many values to unpack (expected 4)
2025-06-17 11:36:04,106 - __main__ - ERROR - Error processing frame: too many values to unpack (expected 4)
2025-06-17 11:36:04,238 - __main__ - ERROR - Error processing frame: too many values to unpack (expected 4)
2025-06-17 11:36:04,378 - __main__ - ERROR - Error processing frame: too many values to unpack (expected 4)
2025-06-17 11:36:04,493 - __main__ - ERROR - Error processing frame: too many values to unpack (expected 4)
2025-06-17 11:36:04,636 - __main__ - ERROR - Error processing frame: too many values to unpack (expected 4)
2025-06-17 11:36:04,772 - __main__ - ERROR - Error processing frame: too many values to unpack (expected 4)
2025-06-17 11:36:04,900 - __main__ - ERROR - Error processing frame: too many values to unpack (expected 4)
2025-06-17 11:36:05,035 - __main__ - ERROR - Error processing frame: too many values to unpack (expected 4)
2025-06-17 11:36:05,147 - __main__ - ERROR - Error processing frame: too many values to unpack (expected 4)
2025-06-17 11:36:05,293 - __main__ - ERROR - Error processing frame: too many values to unpack (expected 4)
2025-06-17 11:36:05,436 - __main__ - ERROR - Error processing frame: too many values to unpack (expected 4)
2025-06-17 11:36:05,583 - __main__ - ERROR - Error processing frame: too many values to unpack (expected 4)
2025-06-17 11:36:05,714 - __main__ - ERROR - Error processing frame: too many values to unpack (expected 4)
2025-06-17 11:36:05,857 - __main__ - ERROR - Error processing frame: too many values to unpack (expected 4)
2025-06-17 11:36:05,996 - __main__ - ERROR - Error processing frame: too many values to unpack (expected 4)
2025-06-17 11:36:06,104 - __main__ - ERROR - Error processing frame: too many values to unpack (expected 4)
2025-06-17 11:36:06,256 - __main__ - ERROR - Error processing frame: too many values to unpack (expected 4)
2025-06-17 11:36:06,393 - __main__ - ERROR - Error processing frame: too many values to unpack (expected 4)
2025-06-17 11:36:06,521 - __main__ - ERROR - Error processing frame: too many values to unpack (expected 4)
2025-06-17 11:36:06,641 - __main__ - ERROR - Error processing frame: too many values to unpack (expected 4)
2025-06-17 11:36:06,794 - __main__ - ERROR - Error processing frame: too many values to unpack (expected 4)
2025-06-17 11:36:06,926 - __main__ - ERROR - Error processing frame: too many values to unpack (expected 4)
2025-06-17 11:36:07,044 - __main__ - ERROR - Error processing frame: too many values to unpack (expected 4)
2025-06-17 11:36:07,180 - __main__ - ERROR - Error processing frame: too many values to unpack (expected 4)
2025-06-17 11:36:07,299 - __main__ - ERROR - Error processing frame: too many values to unpack (expected 4)
2025-06-17 11:36:07,415 - __main__ - ERROR - Error processing frame: too many values to unpack (expected 4)
2025-06-17 11:36:07,540 - __main__ - ERROR - Error processing frame: too many values to unpack (expected 4)
2025-06-17 11:36:07,661 - __main__ - ERROR - Error processing frame: too many values to unpack (expected 4)
2025-06-17 11:36:07,795 - __main__ - ERROR - Error processing frame: too many values to unpack (expected 4)
2025-06-17 11:36:07,934 - __main__ - ERROR - Error processing frame: too many values to unpack (expected 4)
2025-06-17 11:36:08,067 - __main__ - ERROR - Error processing frame: too many values to unpack (expected 4)
2025-06-17 11:36:08,209 - __main__ - ERROR - Error processing frame: too many values to unpack (expected 4)
2025-06-17 11:36:08,339 - __main__ - ERROR - Error processing frame: too many values to unpack (expected 4)
2025-06-17 11:36:08,475 - __main__ - ERROR - Error processing frame: too many values to unpack (expected 4)
2025-06-17 11:36:08,610 - __main__ - ERROR - Error processing frame: too many values to unpack (expected 4)
2025-06-17 11:36:08,735 - __main__ - ERROR - Error processing frame: too many values to unpack (expected 4)
2025-06-17 11:36:08,869 - __main__ - ERROR - Error processing frame: too many values to unpack (expected 4)
2025-06-17 11:36:08,990 - __main__ - ERROR - Error processing frame: too many values to unpack (expected 4)
2025-06-17 11:36:09,131 - __main__ - ERROR - Error processing frame: too many values to unpack (expected 4)
2025-06-17 11:36:09,260 - __main__ - ERROR - Error processing frame: too many values to unpack (expected 4)
2025-06-17 11:36:09,375 - __main__ - ERROR - Error processing frame: too many values to unpack (expected 4)
2025-06-17 11:36:09,501 - __main__ - ERROR - Error processing frame: too many values to unpack (expected 4)
2025-06-17 11:36:09,640 - __main__ - ERROR - Error processing frame: too many values to unpack (expected 4)
2025-06-17 11:36:09,786 - __main__ - ERROR - Error processing frame: too many values to unpack (expected 4)
2025-06-17 11:36:09,919 - __main__ - ERROR - Error processing frame: too many values to unpack (expected 4)
2025-06-17 11:36:10,070 - __main__ - ERROR - Error processing frame: too many values to unpack (expected 4)
2025-06-17 11:36:10,196 - __main__ - ERROR - Error processing frame: too many values to unpack (expected 4)
2025-06-17 11:36:10,306 - __main__ - ERROR - Error processing frame: too many values to unpack (expected 4)
2025-06-17 11:36:10,439 - __main__ - ERROR - Error processing frame: too many values to unpack (expected 4)
2025-06-17 11:36:10,565 - __main__ - ERROR - Error processing frame: too many values to unpack (expected 4)
2025-06-17 11:36:10,700 - __main__ - ERROR - Error processing frame: too many values to unpack (expected 4)
2025-06-17 11:36:10,842 - __main__ - ERROR - Error processing frame: too many values to unpack (expected 4)
2025-06-17 11:36:10,988 - __main__ - ERROR - Error processing frame: too many values to unpack (expected 4)
2025-06-17 11:36:11,108 - __main__ - ERROR - Error processing frame: too many values to unpack (expected 4)
2025-06-17 11:36:11,239 - __main__ - ERROR - Error processing frame: too many values to unpack (expected 4)
2025-06-17 11:36:11,413 - __main__ - ERROR - Error processing frame: too many values to unpack (expected 4)
2025-06-17 11:36:11,550 - __main__ - ERROR - Error processing frame: too many values to unpack (expected 4)
2025-06-17 11:36:11,707 - __main__ - ERROR - Error processing frame: too many values to unpack (expected 4)
2025-06-17 11:36:11,866 - __main__ - ERROR - Error processing frame: too many values to unpack (expected 4)
2025-06-17 11:36:11,989 - __main__ - ERROR - Error processing frame: too many values to unpack (expected 4)
2025-06-17 11:36:12,131 - __main__ - ERROR - Error processing frame: too many values to unpack (expected 4)
2025-06-17 11:36:12,300 - __main__ - ERROR - Error processing frame: too many values to unpack (expected 4)
2025-06-17 11:36:12,464 - __main__ - ERROR - Error processing frame: too many values to unpack (expected 4)
2025-06-17 11:36:12,622 - __main__ - ERROR - Error processing frame: too many values to unpack (expected 4)
2025-06-17 11:36:12,783 - __main__ - ERROR - Error processing frame: too many values to unpack (expected 4)
2025-06-17 11:36:12,931 - __main__ - ERROR - Error processing frame: too many values to unpack (expected 4)
2025-06-17 11:36:13,070 - __main__ - ERROR - Error processing frame: too many values to unpack (expected 4)
2025-06-17 11:36:13,307 - __main__ - ERROR - Error processing frame: too many values to unpack (expected 4)
2025-06-17 11:36:13,446 - __main__ - ERROR - Error processing frame: too many values to unpack (expected 4)
2025-06-17 11:36:13,631 - __main__ - ERROR - Error processing frame: too many values to unpack (expected 4)
2025-06-17 11:36:13,772 - __main__ - ERROR - Error processing frame: too many values to unpack (expected 4)
2025-06-17 11:36:13,915 - __main__ - ERROR - Error processing frame: too many values to unpack (expected 4)
2025-06-17 11:36:14,128 - __main__ - ERROR - Error processing frame: too many values to unpack (expected 4)
2025-06-17 11:36:14,259 - __main__ - ERROR - Error processing frame: too many values to unpack (expected 4)
2025-06-17 11:36:14,400 - __main__ - ERROR - Error processing frame: too many values to unpack (expected 4)
2025-06-17 11:36:16,926 - __main__ - ERROR - Error processing frame: too many values to unpack (expected 4)
2025-06-17 11:36:17,420 - __main__ - ERROR - Error processing frame: too many values to unpack (expected 4)
2025-06-17 11:36:17,577 - __main__ - ERROR - Error processing frame: too many values to unpack (expected 4)
2025-06-17 11:36:17,733 - __main__ - ERROR - Error processing frame: too many values to unpack (expected 4)
2025-06-17 11:36:17,891 - __main__ - ERROR - Error processing frame: too many values to unpack (expected 4)
2025-06-17 11:36:18,575 - __main__ - ERROR - Error processing frame: too many values to unpack (expected 4)
2025-06-17 11:36:19,250 - __main__ - ERROR - Error processing frame: too many values to unpack (expected 4)
2025-06-17 11:36:19,434 - __main__ - ERROR - Error processing frame: too many values to unpack (expected 4)
2025-06-17 11:36:19,607 - __main__ - ERROR - Error processing frame: too many values to unpack (expected 4)
2025-06-17 11:36:19,773 - __main__ - ERROR - Error processing frame: too many values to unpack (expected 4)
2025-06-17 11:36:19,942 - __main__ - ERROR - Error processing frame: too many values to unpack (expected 4)
2025-06-17 11:36:20,111 - __main__ - ERROR - Error processing frame: too many values to unpack (expected 4)
2025-06-17 11:36:20,274 - __main__ - ERROR - Error processing frame: too many values to unpack (expected 4)
2025-06-17 11:36:20,469 - __main__ - ERROR - Error processing frame: too many values to unpack (expected 4)
2025-06-17 11:36:20,619 - __main__ - ERROR - Error processing frame: too many values to unpack (expected 4)
2025-06-17 11:36:20,807 - __main__ - ERROR - Error processing frame: too many values to unpack (expected 4)
2025-06-17 11:36:20,971 - __main__ - ERROR - Error processing frame: too many values to unpack (expected 4)
2025-06-17 11:36:21,135 - __main__ - ERROR - Error processing frame: too many values to unpack (expected 4)
2025-06-17 11:36:21,313 - __main__ - ERROR - Error processing frame: too many values to unpack (expected 4)
2025-06-17 11:36:21,472 - __main__ - ERROR - Error processing frame: too many values to unpack (expected 4)
2025-06-17 11:36:21,649 - __main__ - ERROR - Error processing frame: too many values to unpack (expected 4)
2025-06-17 11:36:21,827 - __main__ - ERROR - Error processing frame: too many values to unpack (expected 4)
2025-06-17 11:36:21,981 - __main__ - ERROR - Error processing frame: too many values to unpack (expected 4)
2025-06-17 11:36:22,141 - __main__ - ERROR - Error processing frame: too many values to unpack (expected 4)
2025-06-17 11:36:22,323 - __main__ - ERROR - Error processing frame: too many values to unpack (expected 4)
2025-06-17 11:36:22,500 - __main__ - ERROR - Error processing frame: too many values to unpack (expected 4)
2025-06-17 11:36:22,689 - __main__ - ERROR - Error processing frame: too many values to unpack (expected 4)
2025-06-17 11:36:22,864 - __main__ - ERROR - Error processing frame: too many values to unpack (expected 4)
2025-06-17 11:36:23,033 - __main__ - ERROR - Error processing frame: too many values to unpack (expected 4)
2025-06-17 11:36:23,195 - __main__ - ERROR - Error processing frame: too many values to unpack (expected 4)
2025-06-17 11:36:23,375 - __main__ - ERROR - Error processing frame: too many values to unpack (expected 4)
2025-06-17 11:36:23,560 - __main__ - ERROR - Error processing frame: too many values to unpack (expected 4)
2025-06-17 11:36:23,736 - __main__ - ERROR - Error processing frame: too many values to unpack (expected 4)
2025-06-17 11:36:23,885 - __main__ - ERROR - Error processing frame: too many values to unpack (expected 4)
2025-06-17 11:36:24,078 - __main__ - ERROR - Error processing frame: too many values to unpack (expected 4)
2025-06-17 11:36:24,238 - __main__ - ERROR - Error processing frame: too many values to unpack (expected 4)
2025-06-17 11:36:24,415 - __main__ - ERROR - Error processing frame: too many values to unpack (expected 4)
2025-06-17 11:36:24,581 - __main__ - ERROR - Error processing frame: too many values to unpack (expected 4)
2025-06-17 11:36:24,757 - __main__ - ERROR - Error processing frame: too many values to unpack (expected 4)
2025-06-17 11:36:24,924 - __main__ - ERROR - Error processing frame: too many values to unpack (expected 4)
2025-06-17 11:36:25,106 - __main__ - ERROR - Error processing frame: too many values to unpack (expected 4)
2025-06-17 11:36:25,281 - __main__ - ERROR - Error processing frame: too many values to unpack (expected 4)
2025-06-17 11:36:25,451 - __main__ - ERROR - Error processing frame: too many values to unpack (expected 4)
2025-06-17 11:36:25,622 - __main__ - ERROR - Error processing frame: too many values to unpack (expected 4)
2025-06-17 11:36:25,786 - __main__ - ERROR - Error processing frame: too many values to unpack (expected 4)
2025-06-17 11:36:25,960 - __main__ - ERROR - Error processing frame: too many values to unpack (expected 4)
2025-06-17 11:36:26,118 - __main__ - ERROR - Error processing frame: too many values to unpack (expected 4)
2025-06-17 11:36:26,315 - __main__ - ERROR - Error processing frame: too many values to unpack (expected 4)
2025-06-17 11:36:26,505 - __main__ - ERROR - Error processing frame: too many values to unpack (expected 4)
2025-06-17 11:36:26,660 - __main__ - ERROR - Error processing frame: too many values to unpack (expected 4)
2025-06-17 11:36:26,831 - __main__ - ERROR - Error processing frame: too many values to unpack (expected 4)
2025-06-17 11:36:27,511 - __main__ - ERROR - Error processing frame: too many values to unpack (expected 4)
2025-06-17 11:36:27,857 - __main__ - ERROR - Error processing frame: too many values to unpack (expected 4)
2025-06-17 11:36:28,019 - __main__ - ERROR - Error processing frame: too many values to unpack (expected 4)
2025-06-17 11:36:28,193 - __main__ - ERROR - Error processing frame: too many values to unpack (expected 4)
2025-06-17 11:36:28,355 - __main__ - ERROR - Error processing frame: too many values to unpack (expected 4)
2025-06-17 11:36:28,697 - __main__ - ERROR - Error processing frame: too many values to unpack (expected 4)
2025-06-17 11:36:28,838 - __main__ - ERROR - Error processing frame: too many values to unpack (expected 4)
2025-06-17 11:36:28,992 - __main__ - ERROR - Error processing frame: too many values to unpack (expected 4)
2025-06-17 11:36:29,863 - __main__ - ERROR - Error processing frame: too many values to unpack (expected 4)
2025-06-17 11:36:30,053 - __main__ - ERROR - Error processing frame: too many values to unpack (expected 4)
2025-06-17 11:36:30,239 - __main__ - ERROR - Error processing frame: too many values to unpack (expected 4)
2025-06-17 11:36:30,408 - __main__ - ERROR - Error processing frame: too many values to unpack (expected 4)
2025-06-17 11:36:30,571 - __main__ - ERROR - Error processing frame: too many values to unpack (expected 4)
2025-06-17 11:36:30,754 - __main__ - ERROR - Error processing frame: too many values to unpack (expected 4)
2025-06-17 11:36:30,930 - __main__ - ERROR - Error processing frame: too many values to unpack (expected 4)
2025-06-17 11:36:31,251 - __main__ - ERROR - Error processing frame: too many values to unpack (expected 4)
2025-06-17 11:36:31,595 - __main__ - ERROR - Error processing frame: too many values to unpack (expected 4)
2025-06-17 11:36:31,935 - __main__ - ERROR - Error processing frame: too many values to unpack (expected 4)
2025-06-17 11:36:32,106 - __main__ - ERROR - Error processing frame: too many values to unpack (expected 4)
2025-06-17 11:36:32,291 - __main__ - ERROR - Error processing frame: too many values to unpack (expected 4)
2025-06-17 11:36:32,467 - __main__ - ERROR - Error processing frame: too many values to unpack (expected 4)
2025-06-17 11:36:32,630 - __main__ - ERROR - Error processing frame: too many values to unpack (expected 4)
2025-06-17 11:36:32,809 - __main__ - ERROR - Error processing frame: too many values to unpack (expected 4)
2025-06-17 11:36:32,971 - __main__ - ERROR - Error processing frame: too many values to unpack (expected 4)
2025-06-17 11:36:33,141 - __main__ - ERROR - Error processing frame: too many values to unpack (expected 4)
2025-06-17 11:36:33,311 - __main__ - ERROR - Error processing frame: too many values to unpack (expected 4)
2025-06-17 11:36:33,483 - __main__ - ERROR - Error processing frame: too many values to unpack (expected 4)
2025-06-17 11:36:33,669 - __main__ - ERROR - Error processing frame: too many values to unpack (expected 4)
2025-06-17 11:36:33,849 - __main__ - ERROR - Error processing frame: too many values to unpack (expected 4)
2025-06-17 11:36:33,984 - __main__ - ERROR - Error processing frame: too many values to unpack (expected 4)
2025-06-17 11:36:34,111 - __main__ - ERROR - Error processing frame: too many values to unpack (expected 4)
2025-06-17 11:36:34,249 - __main__ - ERROR - Error processing frame: too many values to unpack (expected 4)
2025-06-17 11:36:34,371 - __main__ - ERROR - Error processing frame: too many values to unpack (expected 4)
2025-06-17 11:36:34,657 - __main__ - ERROR - Error processing frame: too many values to unpack (expected 4)
2025-06-17 11:36:34,782 - __main__ - ERROR - Error processing frame: too many values to unpack (expected 4)
2025-06-17 11:36:34,920 - __main__ - ERROR - Error processing frame: too many values to unpack (expected 4)
2025-06-17 11:36:35,183 - __main__ - ERROR - Error processing frame: too many values to unpack (expected 4)
2025-06-17 11:36:35,326 - __main__ - ERROR - Error processing frame: too many values to unpack (expected 4)
2025-06-17 11:36:35,593 - __main__ - ERROR - Error processing frame: too many values to unpack (expected 4)
2025-06-17 11:36:35,692 - __main__ - INFO - Attempting to connect to mobile camera http://192.168.29.90:4747/video (attempt 1/3)
2025-06-17 11:36:35,739 - __main__ - ERROR - Error processing frame: too many values to unpack (expected 4)
2025-06-17 11:36:38,664 - __main__ - INFO - Attempting to connect to mobile camera http://192.168.29.90:4747/video (attempt 2/3)
2025-06-17 11:36:40,616 - __main__ - INFO - Attempting to connect to mobile camera http://192.168.29.90:4747/video (attempt 3/3)
2025-06-17 11:36:41,487 - __main__ - ERROR - Failed to connect to mobile camera after all attempts
2025-06-17 11:36:41,626 - __main__ - ERROR - Error processing frame: too many values to unpack (expected 4)
2025-06-17 11:36:41,751 - __main__ - ERROR - Error processing frame: too many values to unpack (expected 4)
2025-06-17 11:36:41,877 - __main__ - ERROR - Error processing frame: too many values to unpack (expected 4)
2025-06-17 11:36:41,990 - __main__ - ERROR - Error processing frame: too many values to unpack (expected 4)
2025-06-17 11:36:42,111 - __main__ - ERROR - Error processing frame: too many values to unpack (expected 4)
2025-06-17 11:36:42,235 - __main__ - ERROR - Error processing frame: too many values to unpack (expected 4)
2025-06-17 11:36:42,371 - __main__ - ERROR - Error processing frame: too many values to unpack (expected 4)
2025-06-17 11:36:42,516 - __main__ - ERROR - Error processing frame: too many values to unpack (expected 4)
2025-06-17 11:36:42,649 - __main__ - ERROR - Error processing frame: too many values to unpack (expected 4)
2025-06-17 11:36:42,774 - __main__ - ERROR - Error processing frame: too many values to unpack (expected 4)
2025-06-17 11:36:42,911 - __main__ - ERROR - Error processing frame: too many values to unpack (expected 4)
2025-06-17 11:36:43,043 - __main__ - ERROR - Error processing frame: too many values to unpack (expected 4)
2025-06-17 11:36:43,164 - __main__ - ERROR - Error processing frame: too many values to unpack (expected 4)
2025-06-17 11:36:43,291 - __main__ - ERROR - Error processing frame: too many values to unpack (expected 4)
2025-06-17 11:36:43,419 - __main__ - ERROR - Error processing frame: too many values to unpack (expected 4)
2025-06-17 11:36:43,541 - __main__ - ERROR - Error processing frame: too many values to unpack (expected 4)
2025-06-17 11:36:43,681 - __main__ - ERROR - Error processing frame: too many values to unpack (expected 4)
2025-06-17 11:36:43,803 - __main__ - ERROR - Error processing frame: too many values to unpack (expected 4)
2025-06-17 11:36:43,943 - __main__ - ERROR - Error processing frame: too many values to unpack (expected 4)
2025-06-17 11:36:44,072 - __main__ - ERROR - Error processing frame: too many values to unpack (expected 4)
2025-06-17 11:36:44,209 - __main__ - ERROR - Error processing frame: too many values to unpack (expected 4)
2025-06-17 11:36:44,332 - __main__ - ERROR - Error processing frame: too many values to unpack (expected 4)
2025-06-17 11:36:44,450 - __main__ - ERROR - Error processing frame: too many values to unpack (expected 4)
2025-06-17 11:36:44,582 - __main__ - ERROR - Error processing frame: too many values to unpack (expected 4)
2025-06-17 11:36:44,714 - __main__ - ERROR - Error processing frame: too many values to unpack (expected 4)
2025-06-17 11:36:44,782 - __main__ - INFO - Attempting to connect to mobile camera http://192.168.29.90:4747/video (attempt 1/3)
2025-06-17 11:36:44,866 - __main__ - ERROR - Error processing frame: too many values to unpack (expected 4)
2025-06-17 11:36:46,656 - __main__ - INFO - Attempting to connect to mobile camera http://192.168.29.90:4747/video (attempt 2/3)
2025-06-17 11:36:48,660 - __main__ - INFO - Attempting to connect to mobile camera http://192.168.29.90:4747/video (attempt 3/3)
2025-06-17 11:36:49,579 - __main__ - ERROR - Failed to connect to mobile camera after all attempts
2025-06-17 11:36:49,770 - __main__ - ERROR - Error processing frame: too many values to unpack (expected 4)
2025-06-17 11:36:49,927 - __main__ - ERROR - Error processing frame: too many values to unpack (expected 4)
2025-06-17 11:36:50,090 - __main__ - ERROR - Error processing frame: too many values to unpack (expected 4)
2025-06-17 11:36:50,239 - __main__ - ERROR - Error processing frame: too many values to unpack (expected 4)
2025-06-17 11:36:50,385 - __main__ - ERROR - Error processing frame: too many values to unpack (expected 4)
2025-06-17 11:36:50,527 - __main__ - ERROR - Error processing frame: too many values to unpack (expected 4)
2025-06-17 11:36:50,675 - __main__ - ERROR - Error processing frame: too many values to unpack (expected 4)
2025-06-17 11:36:50,817 - __main__ - ERROR - Error processing frame: too many values to unpack (expected 4)
2025-06-17 11:36:50,982 - __main__ - ERROR - Error processing frame: too many values to unpack (expected 4)
2025-06-17 11:36:51,115 - __main__ - ERROR - Error processing frame: too many values to unpack (expected 4)
2025-06-17 11:36:51,279 - __main__ - ERROR - Error processing frame: too many values to unpack (expected 4)
2025-06-17 11:36:51,439 - __main__ - ERROR - Error processing frame: too many values to unpack (expected 4)
2025-06-17 11:36:51,591 - __main__ - ERROR - Error processing frame: too many values to unpack (expected 4)
2025-06-17 11:36:51,748 - __main__ - ERROR - Error processing frame: too many values to unpack (expected 4)
2025-06-17 11:36:51,910 - __main__ - ERROR - Error processing frame: too many values to unpack (expected 4)
2025-06-17 11:36:52,071 - __main__ - ERROR - Error processing frame: too many values to unpack (expected 4)
2025-06-17 11:36:52,273 - __main__ - ERROR - Error processing frame: too many values to unpack (expected 4)
2025-06-17 11:36:52,470 - __main__ - ERROR - Error processing frame: too many values to unpack (expected 4)
2025-06-17 11:36:52,669 - __main__ - ERROR - Error processing frame: too many values to unpack (expected 4)
2025-06-17 11:36:52,842 - __main__ - ERROR - Error processing frame: too many values to unpack (expected 4)
2025-06-17 11:36:52,989 - __main__ - ERROR - Error processing frame: too many values to unpack (expected 4)
2025-06-17 11:36:53,160 - __main__ - ERROR - Error processing frame: too many values to unpack (expected 4)
2025-06-17 11:36:53,300 - __main__ - ERROR - Error processing frame: too many values to unpack (expected 4)
2025-06-17 11:36:53,441 - __main__ - ERROR - Error processing frame: too many values to unpack (expected 4)
2025-06-17 11:36:53,587 - __main__ - ERROR - Error processing frame: too many values to unpack (expected 4)
2025-06-17 11:36:53,750 - __main__ - ERROR - Error processing frame: too many values to unpack (expected 4)
2025-06-17 11:36:53,907 - __main__ - ERROR - Error processing frame: too many values to unpack (expected 4)
2025-06-17 11:36:54,045 - __main__ - ERROR - Error processing frame: too many values to unpack (expected 4)
2025-06-17 11:36:54,189 - __main__ - ERROR - Error processing frame: too many values to unpack (expected 4)
2025-06-17 11:36:54,353 - __main__ - ERROR - Error processing frame: too many values to unpack (expected 4)
2025-06-17 11:36:54,487 - __main__ - ERROR - Error processing frame: too many values to unpack (expected 4)
2025-06-17 11:36:54,654 - __main__ - ERROR - Error processing frame: too many values to unpack (expected 4)
2025-06-17 11:36:54,822 - __main__ - ERROR - Error processing frame: too many values to unpack (expected 4)
2025-06-17 11:36:54,986 - __main__ - ERROR - Error processing frame: too many values to unpack (expected 4)
2025-06-17 11:36:55,166 - __main__ - ERROR - Error processing frame: too many values to unpack (expected 4)
2025-06-17 11:36:55,330 - __main__ - ERROR - Error processing frame: too many values to unpack (expected 4)
2025-06-17 11:36:55,504 - __main__ - ERROR - Error processing frame: too many values to unpack (expected 4)
2025-06-17 11:36:55,668 - __main__ - ERROR - Error processing frame: too many values to unpack (expected 4)
2025-06-17 11:36:55,839 - __main__ - ERROR - Error processing frame: too many values to unpack (expected 4)
2025-06-17 11:36:55,995 - __main__ - ERROR - Error processing frame: too many values to unpack (expected 4)
2025-06-17 11:36:56,163 - __main__ - ERROR - Error processing frame: too many values to unpack (expected 4)
2025-06-17 11:36:56,342 - __main__ - ERROR - Error processing frame: too many values to unpack (expected 4)
2025-06-17 11:36:56,513 - __main__ - ERROR - Error processing frame: too many values to unpack (expected 4)
2025-06-17 11:36:56,688 - __main__ - ERROR - Error processing frame: too many values to unpack (expected 4)
2025-06-17 11:36:56,856 - __main__ - ERROR - Error processing frame: too many values to unpack (expected 4)
2025-06-17 11:36:57,034 - __main__ - ERROR - Error processing frame: too many values to unpack (expected 4)
2025-06-17 11:36:57,222 - __main__ - ERROR - Error processing frame: too many values to unpack (expected 4)
2025-06-17 11:36:57,408 - __main__ - ERROR - Error processing frame: too many values to unpack (expected 4)
2025-06-17 11:36:57,593 - __main__ - ERROR - Error processing frame: too many values to unpack (expected 4)
2025-06-17 11:36:57,775 - __main__ - ERROR - Error processing frame: too many values to unpack (expected 4)
2025-06-17 11:36:57,957 - __main__ - ERROR - Error processing frame: too many values to unpack (expected 4)
2025-06-17 11:36:58,180 - __main__ - ERROR - Error processing frame: too many values to unpack (expected 4)
2025-06-17 11:36:58,356 - __main__ - ERROR - Error processing frame: too many values to unpack (expected 4)
2025-06-17 11:36:58,548 - __main__ - ERROR - Error processing frame: too many values to unpack (expected 4)
2025-06-17 11:36:58,731 - __main__ - ERROR - Error processing frame: too many values to unpack (expected 4)
2025-06-17 11:36:58,933 - __main__ - ERROR - Error processing frame: too many values to unpack (expected 4)
2025-06-17 11:36:59,085 - __main__ - ERROR - Error processing frame: too many values to unpack (expected 4)
2025-06-17 11:36:59,221 - __main__ - ERROR - Error processing frame: too many values to unpack (expected 4)
2025-06-17 11:36:59,356 - __main__ - ERROR - Error processing frame: too many values to unpack (expected 4)
2025-06-17 11:36:59,503 - __main__ - ERROR - Error processing frame: too many values to unpack (expected 4)
2025-06-17 11:36:59,640 - __main__ - ERROR - Error processing frame: too many values to unpack (expected 4)
2025-06-17 11:36:59,765 - __main__ - ERROR - Error processing frame: too many values to unpack (expected 4)
2025-06-17 11:36:59,881 - __main__ - ERROR - Error processing frame: too many values to unpack (expected 4)
2025-06-17 11:37:00,033 - __main__ - ERROR - Error processing frame: too many values to unpack (expected 4)
2025-06-17 11:37:00,172 - __main__ - ERROR - Error processing frame: too many values to unpack (expected 4)
2025-06-17 11:37:00,331 - __main__ - ERROR - Error processing frame: too many values to unpack (expected 4)
2025-06-17 11:37:00,481 - __main__ - ERROR - Error processing frame: too many values to unpack (expected 4)
2025-06-17 11:37:00,623 - __main__ - ERROR - Error processing frame: too many values to unpack (expected 4)
2025-06-17 11:37:00,759 - __main__ - ERROR - Error processing frame: too many values to unpack (expected 4)
2025-06-17 11:37:01,298 - __main__ - INFO - Application closed normally
2025-06-17 11:53:30,850 - __main__ - INFO - Initializing Facial Attendance System...
2025-06-17 11:53:33,244 - src.face_recognizer - INFO - Face recognizer initialized with model path: None
2025-06-17 11:53:33,245 - src.face_recognizer - INFO - Cleared all known face encodings
2025-06-17 11:53:33,247 - src.face_recognizer - INFO - Loaded encoding for user 129259
2025-06-17 11:53:33,247 - src.face_recognizer - INFO - Reloaded 1 user face encodings
2025-06-17 11:53:33,963 - __main__ - INFO - System initialization completed successfully
2025-06-17 11:53:33,964 - __main__ - INFO - Starting in GUI mode
2025-06-17 11:53:37,124 - src.face_recognizer - INFO - Face recognizer initialized with model path: None
2025-06-17 11:53:37,125 - src.face_recognizer - INFO - Cleared all known face encodings
2025-06-17 11:53:37,127 - src.face_recognizer - INFO - Loaded encoding for user 129259
2025-06-17 11:53:37,127 - src.face_recognizer - INFO - Reloaded 1 user face encodings
2025-06-17 11:53:37,640 - src.face_recognizer - INFO - Cleared all known face encodings
2025-06-17 11:53:37,643 - src.face_recognizer - INFO - Loaded encoding for user 129259
2025-06-17 11:53:37,644 - src.face_recognizer - INFO - Reloaded 1 user face encodings
2025-06-17 11:53:37,684 - __main__ - INFO - Attempting to initialize camera 0 (attempt 1/3)
2025-06-17 11:53:43,946 - __main__ - INFO - Camera initialized successfully
2025-06-17 11:53:43,948 - __main__ - INFO - Attempting to connect to mobile camera http://192.168.29.90:4747/video (attempt 1/3)
2025-06-17 11:53:45,331 - __main__ - ERROR - Error in left camera feed: main thread is not in main loop
2025-06-17 11:53:47,129 - __main__ - ERROR - Error connecting to mobile camera on attempt 1: HTTPConnectionPool(host='192.168.29.90', port=4747): Max retries exceeded with url: /video (Caused by NewConnectionError('<urllib3.connection.HTTPConnection object at 0x0000015E122FD2E0>: Failed to establish a new connection: [WinError 10061] No connection could be made because the target machine actively refused it'))
2025-06-17 11:53:48,131 - __main__ - INFO - Attempting to connect to mobile camera http://192.168.29.90:4747/video (attempt 2/3)
2025-06-17 11:53:50,953 - __main__ - ERROR - Error connecting to mobile camera on attempt 2: HTTPConnectionPool(host='192.168.29.90', port=4747): Max retries exceeded with url: /video (Caused by NewConnectionError('<urllib3.connection.HTTPConnection object at 0x0000015E122FDC70>: Failed to establish a new connection: [WinError 10061] No connection could be made because the target machine actively refused it'))
2025-06-17 11:53:51,955 - __main__ - INFO - Attempting to connect to mobile camera http://192.168.29.90:4747/video (attempt 3/3)
2025-06-17 11:53:52,979 - __main__ - ERROR - Failed to connect to mobile camera after all attempts
2025-06-17 11:54:59,910 - __main__ - INFO - Initializing Facial Attendance System...
2025-06-17 11:55:01,919 - src.face_recognizer - INFO - Face recognizer initialized with model path: None
2025-06-17 11:55:01,919 - src.face_recognizer - INFO - Cleared all known face encodings
2025-06-17 11:55:01,921 - src.face_recognizer - INFO - Loaded encoding for user 129259
2025-06-17 11:55:01,923 - src.face_recognizer - INFO - Reloaded 1 user face encodings
2025-06-17 11:55:02,346 - __main__ - INFO - System initialization completed successfully
2025-06-17 11:55:02,346 - __main__ - INFO - Starting in GUI mode
2025-06-17 11:55:04,566 - src.face_recognizer - INFO - Face recognizer initialized with model path: None
2025-06-17 11:55:04,566 - src.face_recognizer - INFO - Cleared all known face encodings
2025-06-17 11:55:04,568 - src.face_recognizer - INFO - Loaded encoding for user 129259
2025-06-17 11:55:04,569 - src.face_recognizer - INFO - Reloaded 1 user face encodings
2025-06-17 11:55:04,837 - src.face_recognizer - INFO - Cleared all known face encodings
2025-06-17 11:55:04,839 - src.face_recognizer - INFO - Loaded encoding for user 129259
2025-06-17 11:55:04,840 - src.face_recognizer - INFO - Reloaded 1 user face encodings
2025-06-17 11:55:04,859 - __main__ - INFO - Attempting to initialize camera 0 (attempt 1/3)
2025-06-17 11:55:09,858 - __main__ - INFO - Camera initialized successfully
2025-06-17 11:55:09,860 - __main__ - INFO - Attempting to connect to mobile camera http://192.168.29.90:4747/video (attempt 1/3)
2025-06-17 11:55:10,947 - __main__ - INFO - Attempting to connect to mobile camera http://192.168.29.90:4747/video (attempt 2/3)
2025-06-17 11:55:11,178 - __main__ - ERROR - Error in left camera feed: main thread is not in main loop
2025-06-17 11:55:12,058 - __main__ - INFO - Attempting to connect to mobile camera http://192.168.29.90:4747/video (attempt 3/3)
2025-06-17 11:55:12,166 - __main__ - ERROR - Failed to connect to mobile camera after all attempts
2025-06-17 12:03:16,398 - __main__ - INFO - Initializing Facial Attendance System...
2025-06-17 12:03:19,049 - src.face_recognizer - INFO - Face recognizer initialized with model path: None
2025-06-17 12:03:19,050 - src.face_recognizer - INFO - Cleared all known face encodings
2025-06-17 12:03:19,054 - src.face_recognizer - INFO - Loaded encoding for user 129259
2025-06-17 12:03:19,055 - src.face_recognizer - INFO - Reloaded 1 user face encodings
2025-06-17 12:03:19,952 - __main__ - INFO - System initialization completed successfully
2025-06-17 12:03:19,953 - __main__ - INFO - Starting in GUI mode
2025-06-17 12:03:22,506 - src.face_recognizer - INFO - Face recognizer initialized with model path: None
2025-06-17 12:03:22,507 - src.face_recognizer - INFO - Cleared all known face encodings
2025-06-17 12:03:22,511 - src.face_recognizer - INFO - Loaded encoding for user 129259
2025-06-17 12:03:22,512 - src.face_recognizer - INFO - Reloaded 1 user face encodings
2025-06-17 12:03:22,940 - src.face_recognizer - INFO - Cleared all known face encodings
2025-06-17 12:03:22,944 - src.face_recognizer - INFO - Loaded encoding for user 129259
2025-06-17 12:03:22,945 - src.face_recognizer - INFO - Reloaded 1 user face encodings
2025-06-17 12:03:22,987 - __main__ - INFO - Attempting to initialize camera 0 (attempt 1/3)
2025-06-17 12:03:28,696 - __main__ - INFO - Camera initialized successfully
2025-06-17 12:03:28,698 - __main__ - INFO - Attempting to connect to mobile camera http://192.168.29.90:4747/video (attempt 1/3)
2025-06-17 12:03:29,851 - __main__ - INFO - Attempting to connect to mobile camera http://192.168.29.90:4747/video (attempt 2/3)
2025-06-17 12:03:30,055 - __main__ - ERROR - Error in left camera feed: main thread is not in main loop
2025-06-17 12:03:30,940 - __main__ - INFO - Attempting to connect to mobile camera http://192.168.29.90:4747/video (attempt 3/3)
2025-06-17 12:03:31,061 - __main__ - ERROR - Failed to connect to mobile camera after all attempts
2025-06-17 12:04:03,167 - __main__ - INFO - Attempting to connect to mobile camera http://192.168.29.90:4747/video (attempt 1/3)
2025-06-17 12:04:04,281 - __main__ - INFO - Attempting to connect to mobile camera http://192.168.29.90:4747/video (attempt 2/3)
2025-06-17 12:04:05,398 - __main__ - INFO - Attempting to connect to mobile camera http://192.168.29.90:4747/video (attempt 3/3)
2025-06-17 12:04:05,519 - __main__ - ERROR - Failed to connect to mobile camera after all attempts
2025-06-17 12:04:10,162 - __main__ - INFO - Application closed normally
2025-06-17 12:05:36,501 - src.face_recognizer - INFO - Face recognizer initialized with model path: None
2025-06-17 12:05:36,502 - src.face_recognizer - INFO - Cleared all known face encodings
2025-06-17 12:05:36,507 - src.face_recognizer - INFO - Loaded encoding for user 129259
2025-06-17 12:05:36,510 - src.face_recognizer - INFO - Reloaded 1 user face encodings
2025-06-17 12:05:37,432 - src.face_recognizer - INFO - Cleared all known face encodings
2025-06-17 12:05:37,435 - src.face_recognizer - INFO - Loaded encoding for user 129259
2025-06-17 12:05:37,436 - src.face_recognizer - INFO - Reloaded 1 user face encodings
2025-06-17 12:05:37,463 - main - INFO - Attempting to initialize camera 0 (attempt 1/3)
2025-06-17 12:05:41,318 - main - INFO - Camera initialized successfully
2025-06-17 12:05:41,320 - main - INFO - Attempting to connect to mobile camera http://192.168.29.90:4747/video (attempt 1/3)
2025-06-17 12:05:42,424 - main - ERROR - Error in left camera feed: main thread is not in main loop
2025-06-17 12:05:44,191 - main - INFO - Attempting to connect to mobile camera http://192.168.29.90:4747/video (attempt 2/3)
2025-06-17 12:05:46,296 - main - INFO - Attempting to connect to mobile camera http://192.168.29.90:4747/video (attempt 3/3)
2025-06-17 12:05:47,286 - main - ERROR - Failed to connect to mobile camera after all attempts
2025-06-17 12:09:05,206 - src.face_recognizer - INFO - Face recognizer initialized with model path: None
2025-06-17 12:09:05,208 - src.face_recognizer - INFO - Cleared all known face encodings
2025-06-17 12:09:05,210 - src.face_recognizer - INFO - Loaded encoding for user 129259
2025-06-17 12:09:05,210 - src.face_recognizer - INFO - Reloaded 1 user face encodings
2025-06-17 12:09:05,724 - src.face_recognizer - INFO - Cleared all known face encodings
2025-06-17 12:09:05,725 - src.face_recognizer - INFO - Loaded encoding for user 129259
2025-06-17 12:09:05,726 - src.face_recognizer - INFO - Reloaded 1 user face encodings
2025-06-17 12:09:05,736 - main - INFO - Attempting to initialize camera 0 (attempt 1/3)
2025-06-17 12:09:08,392 - main - INFO - Camera initialized successfully
2025-06-17 12:09:08,394 - main - INFO - Attempting to connect to mobile camera http://192.168.29.90:4747/video (attempt 1/3)
2025-06-17 12:09:09,494 - main - ERROR - Error in left camera feed: main thread is not in main loop
2025-06-17 12:09:10,661 - main - INFO - Attempting to connect to mobile camera http://192.168.29.90:4747/video (attempt 2/3)
2025-06-17 12:09:12,589 - main - INFO - Attempting to connect to mobile camera http://192.168.29.90:4747/video (attempt 3/3)
2025-06-17 12:09:13,493 - main - ERROR - Failed to connect to mobile camera after all attempts
2025-06-17 12:10:04,679 - main - INFO - Attempting to connect to mobile camera http://192.168.29.90:4747/video (attempt 1/3)
2025-06-17 12:10:06,676 - main - INFO - Attempting to connect to mobile camera http://192.168.29.90:4747/video (attempt 2/3)
2025-06-17 12:10:08,715 - main - INFO - Attempting to connect to mobile camera http://192.168.29.90:4747/video (attempt 3/3)
2025-06-17 12:10:09,725 - main - ERROR - Failed to connect to mobile camera after all attempts
2025-06-17 12:11:46,853 - __main__ - INFO - Initializing Facial Attendance System...
2025-06-17 12:11:49,275 - src.face_recognizer - INFO - Face recognizer initialized with model path: None
2025-06-17 12:11:49,276 - src.face_recognizer - INFO - Cleared all known face encodings
2025-06-17 12:11:49,278 - src.face_recognizer - INFO - Loaded encoding for user 129259
2025-06-17 12:11:49,278 - src.face_recognizer - INFO - Reloaded 1 user face encodings
2025-06-17 12:11:49,983 - __main__ - INFO - System initialization completed successfully
2025-06-17 12:11:49,983 - __main__ - INFO - Starting in GUI mode
2025-06-17 12:11:52,349 - src.face_recognizer - INFO - Face recognizer initialized with model path: None
2025-06-17 12:11:52,350 - src.face_recognizer - INFO - Cleared all known face encodings
2025-06-17 12:11:52,351 - src.face_recognizer - INFO - Loaded encoding for user 129259
2025-06-17 12:11:52,351 - src.face_recognizer - INFO - Reloaded 1 user face encodings
2025-06-17 12:11:52,743 - src.face_recognizer - INFO - Cleared all known face encodings
2025-06-17 12:11:52,746 - src.face_recognizer - INFO - Loaded encoding for user 129259
2025-06-17 12:11:52,747 - src.face_recognizer - INFO - Reloaded 1 user face encodings
2025-06-17 12:11:52,771 - __main__ - INFO - Attempting to initialize camera 0 (attempt 1/3)
2025-06-17 12:11:58,416 - __main__ - INFO - Camera initialized successfully
2025-06-17 12:11:58,419 - __main__ - INFO - Attempting to connect to mobile camera http://192.168.29.90:4747/video (attempt 1/3)
2025-06-17 12:11:59,768 - __main__ - ERROR - Error in left camera feed: main thread is not in main loop
2025-06-17 12:12:03,449 - __main__ - ERROR - Error connecting to mobile camera on attempt 1: HTTPConnectionPool(host='192.168.29.90', port=4747): Max retries exceeded with url: /video (Caused by ConnectTimeoutError(<urllib3.connection.HTTPConnection object at 0x000002D084F2E3D0>, 'Connection to 192.168.29.90 timed out. (connect timeout=5)'))
2025-06-17 12:12:04,449 - __main__ - INFO - Attempting to connect to mobile camera http://192.168.29.90:4747/video (attempt 2/3)
2025-06-17 12:12:09,521 - __main__ - INFO - Attempting to connect to mobile camera http://192.168.29.90:4747/video (attempt 3/3)
2025-06-17 12:12:09,669 - __main__ - ERROR - Failed to connect to mobile camera after all attempts
2025-06-17 12:13:30,410 - __main__ - INFO - Attempting to connect to mobile camera http://192.168.29.90:4747/video (attempt 1/3)
2025-06-17 12:13:31,517 - __main__ - INFO - Attempting to connect to mobile camera http://192.168.29.90:4747/video (attempt 2/3)
2025-06-17 12:13:32,624 - __main__ - INFO - Attempting to connect to mobile camera http://192.168.29.90:4747/video (attempt 3/3)
2025-06-17 12:13:32,732 - __main__ - ERROR - Failed to connect to mobile camera after all attempts
2025-06-17 12:13:33,912 - __main__ - INFO - Application closed normally
2025-06-17 12:14:02,621 - __main__ - INFO - Initializing Facial Attendance System...
2025-06-17 12:14:05,077 - src.face_recognizer - INFO - Face recognizer initialized with model path: None
2025-06-17 12:14:05,078 - src.face_recognizer - INFO - Cleared all known face encodings
2025-06-17 12:14:05,081 - src.face_recognizer - INFO - Loaded encoding for user 129259
2025-06-17 12:14:05,082 - src.face_recognizer - INFO - Reloaded 1 user face encodings
2025-06-17 12:14:05,707 - __main__ - INFO - System initialization completed successfully
2025-06-17 12:14:05,707 - __main__ - INFO - Starting in GUI mode
2025-06-17 12:14:07,979 - src.face_recognizer - INFO - Face recognizer initialized with model path: None
2025-06-17 12:14:07,980 - src.face_recognizer - INFO - Cleared all known face encodings
2025-06-17 12:14:07,982 - src.face_recognizer - INFO - Loaded encoding for user 129259
2025-06-17 12:14:07,983 - src.face_recognizer - INFO - Reloaded 1 user face encodings
2025-06-17 12:14:08,323 - src.face_recognizer - INFO - Cleared all known face encodings
2025-06-17 12:14:08,325 - src.face_recognizer - INFO - Loaded encoding for user 129259
2025-06-17 12:14:08,325 - src.face_recognizer - INFO - Reloaded 1 user face encodings
2025-06-17 12:14:08,837 - __main__ - INFO - Attempting to initialize camera 0 (attempt 1/3)
2025-06-17 12:14:13,984 - __main__ - INFO - Camera initialized successfully
2025-06-17 12:14:13,986 - __main__ - INFO - Attempting to connect to mobile camera http://192.168.29.90:4747/video (attempt 1/3)
2025-06-17 12:14:15,102 - __main__ - INFO - Attempting to connect to mobile camera http://192.168.29.90:4747/video (attempt 2/3)
2025-06-17 12:14:16,232 - __main__ - INFO - Attempting to connect to mobile camera http://192.168.29.90:4747/video (attempt 3/3)
2025-06-17 12:14:16,349 - __main__ - ERROR - Failed to connect to mobile camera after all attempts
2025-06-17 12:14:16,667 - __main__ - INFO - Attempting to connect to mobile camera http://192.168.29.90:4747/video (attempt 1/3)
2025-06-17 12:14:17,764 - __main__ - INFO - Attempting to connect to mobile camera http://192.168.29.90:4747/video (attempt 2/3)
2025-06-17 12:14:18,887 - __main__ - INFO - Attempting to connect to mobile camera http://192.168.29.90:4747/video (attempt 3/3)
2025-06-17 12:14:19,007 - __main__ - ERROR - Failed to connect to mobile camera after all attempts
2025-06-17 12:14:29,732 - __main__ - ERROR - Error processing frame: too many values to unpack (expected 4)
2025-06-17 12:14:29,883 - __main__ - ERROR - Error processing frame: too many values to unpack (expected 4)
2025-06-17 12:14:30,010 - __main__ - ERROR - Error processing frame: too many values to unpack (expected 4)
2025-06-17 12:14:30,130 - __main__ - ERROR - Error processing frame: too many values to unpack (expected 4)
2025-06-17 12:14:30,278 - __main__ - ERROR - Error processing frame: too many values to unpack (expected 4)
2025-06-17 12:14:30,385 - __main__ - ERROR - Error processing frame: too many values to unpack (expected 4)
2025-06-17 12:14:30,498 - __main__ - ERROR - Error processing frame: too many values to unpack (expected 4)
2025-06-17 12:14:30,631 - __main__ - ERROR - Error processing frame: too many values to unpack (expected 4)
2025-06-17 12:14:30,746 - __main__ - ERROR - Error processing frame: too many values to unpack (expected 4)
2025-06-17 12:14:30,874 - __main__ - ERROR - Error processing frame: too many values to unpack (expected 4)
2025-06-17 12:14:30,997 - __main__ - ERROR - Error processing frame: too many values to unpack (expected 4)
2025-06-17 12:14:31,137 - __main__ - ERROR - Error processing frame: too many values to unpack (expected 4)
2025-06-17 12:14:31,268 - __main__ - ERROR - Error processing frame: too many values to unpack (expected 4)
2025-06-17 12:14:31,402 - __main__ - ERROR - Error processing frame: too many values to unpack (expected 4)
2025-06-17 12:14:31,540 - __main__ - ERROR - Error processing frame: too many values to unpack (expected 4)
2025-06-17 12:14:31,683 - __main__ - ERROR - Error processing frame: too many values to unpack (expected 4)
2025-06-17 12:14:31,826 - __main__ - ERROR - Error processing frame: too many values to unpack (expected 4)
2025-06-17 12:14:31,964 - __main__ - ERROR - Error processing frame: too many values to unpack (expected 4)
2025-06-17 12:14:32,111 - __main__ - ERROR - Error processing frame: too many values to unpack (expected 4)
2025-06-17 12:14:32,238 - __main__ - ERROR - Error processing frame: too many values to unpack (expected 4)
2025-06-17 12:14:32,372 - __main__ - ERROR - Error processing frame: too many values to unpack (expected 4)
2025-06-17 12:14:32,508 - __main__ - ERROR - Error processing frame: too many values to unpack (expected 4)
2025-06-17 12:14:32,638 - __main__ - ERROR - Error processing frame: too many values to unpack (expected 4)
2025-06-17 12:14:32,780 - __main__ - ERROR - Error processing frame: too many values to unpack (expected 4)
2025-06-17 12:14:32,906 - __main__ - ERROR - Error processing frame: too many values to unpack (expected 4)
2025-06-17 12:14:33,048 - __main__ - ERROR - Error processing frame: too many values to unpack (expected 4)
2025-06-17 12:14:33,182 - __main__ - ERROR - Error processing frame: too many values to unpack (expected 4)
2025-06-17 12:14:33,306 - __main__ - ERROR - Error processing frame: too many values to unpack (expected 4)
2025-06-17 12:14:33,335 - __main__ - INFO - Attempting to connect to mobile camera http://192.168.29.90:4747/video (attempt 1/3)
2025-06-17 12:14:33,443 - __main__ - ERROR - Error processing frame: too many values to unpack (expected 4)
2025-06-17 12:14:34,424 - __main__ - INFO - Attempting to connect to mobile camera http://192.168.29.90:4747/video (attempt 2/3)
2025-06-17 12:14:35,550 - __main__ - INFO - Attempting to connect to mobile camera http://192.168.29.90:4747/video (attempt 3/3)
2025-06-17 12:14:35,662 - __main__ - ERROR - Failed to connect to mobile camera after all attempts
2025-06-17 12:14:35,677 - __main__ - INFO - Attempting to connect to mobile camera http://192.168.29.90:4747/video (attempt 1/3)
2025-06-17 12:14:35,808 - __main__ - ERROR - Error processing frame: too many values to unpack (expected 4)
2025-06-17 12:14:36,768 - __main__ - INFO - Attempting to connect to mobile camera http://192.168.29.90:4747/video (attempt 2/3)
2025-06-17 12:14:37,887 - __main__ - INFO - Attempting to connect to mobile camera http://192.168.29.90:4747/video (attempt 3/3)
2025-06-17 12:14:38,004 - __main__ - ERROR - Failed to connect to mobile camera after all attempts
2025-06-17 12:14:38,105 - __main__ - ERROR - Error processing frame: too many values to unpack (expected 4)
2025-06-17 12:14:38,205 - __main__ - ERROR - Error processing frame: too many values to unpack (expected 4)
2025-06-17 12:14:38,312 - __main__ - ERROR - Error processing frame: too many values to unpack (expected 4)
2025-06-17 12:14:38,433 - __main__ - ERROR - Error processing frame: too many values to unpack (expected 4)
2025-06-17 12:14:38,577 - __main__ - ERROR - Error processing frame: too many values to unpack (expected 4)
2025-06-17 12:14:38,718 - __main__ - ERROR - Error processing frame: too many values to unpack (expected 4)
2025-06-17 12:14:38,857 - __main__ - ERROR - Error processing frame: too many values to unpack (expected 4)
2025-06-17 12:14:38,982 - __main__ - ERROR - Error processing frame: too many values to unpack (expected 4)
2025-06-17 12:14:39,109 - __main__ - ERROR - Error processing frame: too many values to unpack (expected 4)
2025-06-17 12:14:39,240 - __main__ - ERROR - Error processing frame: too many values to unpack (expected 4)
2025-06-17 12:14:39,372 - __main__ - ERROR - Error processing frame: too many values to unpack (expected 4)
2025-06-17 12:14:39,474 - __main__ - ERROR - Error processing frame: too many values to unpack (expected 4)
2025-06-17 12:14:39,611 - __main__ - ERROR - Error processing frame: too many values to unpack (expected 4)
2025-06-17 12:14:39,726 - __main__ - ERROR - Error processing frame: too many values to unpack (expected 4)
2025-06-17 12:14:39,873 - __main__ - ERROR - Error processing frame: too many values to unpack (expected 4)
2025-06-17 12:14:40,019 - __main__ - ERROR - Error processing frame: too many values to unpack (expected 4)
2025-06-17 12:14:40,158 - __main__ - ERROR - Error processing frame: too many values to unpack (expected 4)
2025-06-17 12:14:40,411 - __main__ - ERROR - Error processing frame: too many values to unpack (expected 4)
2025-06-17 12:14:40,532 - __main__ - ERROR - Error processing frame: too many values to unpack (expected 4)
2025-06-17 12:14:40,679 - __main__ - ERROR - Error processing frame: too many values to unpack (expected 4)
2025-06-17 12:14:40,798 - __main__ - ERROR - Error processing frame: too many values to unpack (expected 4)
2025-06-17 12:14:40,933 - __main__ - ERROR - Error processing frame: too many values to unpack (expected 4)
2025-06-17 12:14:41,049 - __main__ - ERROR - Error processing frame: too many values to unpack (expected 4)
2025-06-17 12:14:41,183 - __main__ - ERROR - Error processing frame: too many values to unpack (expected 4)
2025-06-17 12:14:41,331 - __main__ - ERROR - Error processing frame: too many values to unpack (expected 4)
2025-06-17 12:14:41,427 - __main__ - ERROR - Error processing frame: too many values to unpack (expected 4)
2025-06-17 12:14:41,575 - __main__ - ERROR - Error processing frame: too many values to unpack (expected 4)
2025-06-17 12:14:41,842 - __main__ - ERROR - Error processing frame: too many values to unpack (expected 4)
2025-06-17 12:14:41,973 - __main__ - ERROR - Error processing frame: too many values to unpack (expected 4)
2025-06-17 12:14:42,127 - __main__ - ERROR - Error processing frame: too many values to unpack (expected 4)
2025-06-17 12:14:42,252 - __main__ - ERROR - Error processing frame: too many values to unpack (expected 4)
2025-06-17 12:14:42,359 - __main__ - ERROR - Error processing frame: too many values to unpack (expected 4)
2025-06-17 12:14:42,812 - __main__ - INFO - Application closed normally
