2025-07-31 12:36:56,765 - __main__ - INFO - Initializing Facial Attendance System...
2025-07-31 12:36:57,245 - src.face_recognizer - INFO - Face recognizer initialized with model path: None
2025-07-31 12:36:57,245 - src.face_recognizer - INFO - Cleared all known face encodings
2025-07-31 12:36:57,246 - src.face_recognizer - INFO - No registered users found in the database. System is ready for new registrations.
2025-07-31 12:36:57,748 - __main__ - INFO - System initialization completed successfully
2025-07-31 12:36:57,748 - __main__ - INFO - Starting in GUI mode
2025-07-31 12:36:57,753 - __main__ - INFO - Loading Complete GUI
2025-07-31 12:36:58,677 - src.face_recognizer - INFO - Face recognizer initialized with model path: None
2025-07-31 12:36:58,678 - src.face_recognizer - INFO - Cleared all known face encodings
2025-07-31 12:36:58,678 - src.face_recognizer - INFO - No registered users found in the database. System is ready for new registrations.
2025-07-31 12:36:58,734 - src.face_recognizer - INFO - Cleared all known face encodings
2025-07-31 12:36:58,734 - src.face_recognizer - INFO - No registered users found in the database. System is ready for new registrations.
2025-07-31 12:37:34,377 - src.face_recognizer - INFO - Face recognizer initialized with model path: None
2025-07-31 12:37:34,378 - src.face_recognizer - INFO - Cleared all known face encodings
2025-07-31 12:37:34,379 - src.face_recognizer - INFO - No registered users found in the database. System is ready for new registrations.
2025-07-31 12:37:49,453 - src.face_recognizer - INFO - Cleared all known face encodings
2025-07-31 12:37:49,453 - src.face_recognizer - INFO - Loaded encoding for user 129259
2025-07-31 12:37:49,453 - src.face_recognizer - INFO - Reloaded 1 user face encodings
2025-07-31 12:37:54,835 - src.face_recognizer - WARNING - No face detected in provided image, using whole image
2025-07-31 12:37:55,162 - src.face_recognizer - WARNING - No face detected in provided image, using whole image
2025-07-31 12:37:55,266 - src.face_recognizer - WARNING - No face detected in provided image, using whole image
2025-07-31 12:37:55,399 - src.face_recognizer - WARNING - No face detected in provided image, using whole image
2025-07-31 12:37:55,526 - src.face_recognizer - WARNING - No face detected in provided image, using whole image
2025-07-31 12:38:04,229 - src.face_recognizer - WARNING - No face detected in provided image, using whole image
2025-07-31 12:38:04,345 - src.face_recognizer - WARNING - No face detected in provided image, using whole image
2025-07-31 12:38:04,473 - src.face_recognizer - WARNING - No face detected in provided image, using whole image
2025-07-31 12:38:04,613 - src.face_recognizer - WARNING - No face detected in provided image, using whole image
2025-07-31 12:38:04,743 - src.face_recognizer - WARNING - No face detected in provided image, using whole image
2025-07-31 12:38:18,767 - src.face_recognizer - WARNING - No face detected in provided image, using whole image
2025-07-31 12:38:18,931 - src.face_recognizer - WARNING - No face detected in provided image, using whole image
2025-07-31 12:38:19,059 - src.face_recognizer - WARNING - No face detected in provided image, using whole image
2025-07-31 12:38:19,193 - src.face_recognizer - WARNING - No face detected in provided image, using whole image
2025-07-31 12:38:19,313 - src.face_recognizer - WARNING - No face detected in provided image, using whole image
2025-07-31 12:38:19,539 - src.face_recognizer - INFO - Cleared all known face encodings
2025-07-31 12:38:19,540 - src.face_recognizer - INFO - Loaded encoding for user 129259
2025-07-31 12:38:19,540 - src.face_recognizer - INFO - Reloaded 1 user face encodings
2025-07-31 12:38:28,470 - src.face_recognizer - WARNING - No face detected in provided image, using whole image
2025-07-31 12:38:29,668 - src.face_recognizer - WARNING - No face detected in provided image, using whole image
2025-07-31 12:38:29,879 - src.face_recognizer - WARNING - No face detected in provided image, using whole image
2025-07-31 12:38:30,525 - src.face_recognizer - WARNING - No face detected in provided image, using whole image
2025-07-31 12:38:32,790 - __main__ - INFO - Application closed normally
2025-07-31 14:28:39,999 - __main__ - INFO - Initializing Facial Attendance System...
2025-07-31 14:28:40,779 - src.face_recognizer - INFO - Face recognizer initialized with model path: None
2025-07-31 14:28:40,785 - src.face_recognizer - INFO - Cleared all known face encodings
2025-07-31 14:28:40,797 - src.face_recognizer - INFO - Loaded encoding for user 129259
2025-07-31 14:28:40,797 - src.face_recognizer - INFO - Reloaded 1 user face encodings
2025-07-31 14:28:41,901 - __main__ - INFO - System initialization completed successfully
2025-07-31 14:28:41,901 - __main__ - INFO - Starting in GUI mode
2025-07-31 14:28:41,904 - __main__ - INFO - Loading Complete GUI
2025-07-31 14:28:43,300 - src.face_recognizer - INFO - Face recognizer initialized with model path: None
2025-07-31 14:28:43,300 - src.face_recognizer - INFO - Cleared all known face encodings
2025-07-31 14:28:43,301 - src.face_recognizer - INFO - Loaded encoding for user 129259
2025-07-31 14:28:43,301 - src.face_recognizer - INFO - Reloaded 1 user face encodings
2025-07-31 14:28:43,390 - src.face_recognizer - INFO - Cleared all known face encodings
2025-07-31 14:28:43,390 - src.face_recognizer - INFO - Loaded encoding for user 129259
2025-07-31 14:28:43,390 - src.face_recognizer - INFO - Reloaded 1 user face encodings
2025-07-31 14:29:08,973 - src.face_recognizer - WARNING - No face detected in provided image, using whole image
2025-07-31 14:29:09,380 - src.face_recognizer - WARNING - No face detected in provided image, using whole image
2025-07-31 14:29:09,661 - src.face_recognizer - WARNING - No face detected in provided image, using whole image
2025-07-31 14:29:09,950 - src.face_recognizer - WARNING - No face detected in provided image, using whole image
2025-07-31 14:29:13,584 - src.face_recognizer - INFO - Cleared all known face encodings
2025-07-31 14:29:13,585 - src.face_recognizer - INFO - Loaded encoding for user 129259
2025-07-31 14:29:13,585 - src.face_recognizer - INFO - Reloaded 1 user face encodings
2025-07-31 14:29:16,340 - src.face_recognizer - WARNING - No face detected in provided image, using whole image
2025-07-31 14:29:16,563 - src.face_recognizer - WARNING - No face detected in provided image, using whole image
2025-07-31 14:29:16,777 - src.face_recognizer - WARNING - No face detected in provided image, using whole image
2025-07-31 14:29:16,995 - src.face_recognizer - WARNING - No face detected in provided image, using whole image
2025-07-31 14:29:17,202 - src.face_recognizer - WARNING - No face detected in provided image, using whole image
2025-07-31 14:29:17,520 - src.face_recognizer - WARNING - No face detected in provided image, using whole image
2025-07-31 14:29:17,752 - src.face_recognizer - WARNING - No face detected in provided image, using whole image
2025-07-31 14:29:18,029 - src.face_recognizer - WARNING - No face detected in provided image, using whole image
2025-07-31 14:29:18,385 - src.face_recognizer - WARNING - No face detected in provided image, using whole image
2025-07-31 14:29:18,591 - src.face_recognizer - WARNING - No face detected in provided image, using whole image
2025-07-31 14:29:18,792 - src.face_recognizer - WARNING - No face detected in provided image, using whole image
2025-07-31 14:29:19,119 - src.face_recognizer - WARNING - No face detected in provided image, using whole image
2025-07-31 14:29:19,985 - src.face_recognizer - WARNING - No face detected in provided image, using whole image
2025-07-31 14:29:20,355 - src.face_recognizer - WARNING - No face detected in provided image, using whole image
2025-07-31 14:29:30,549 - src.face_recognizer - WARNING - No face detected in provided image, using whole image
2025-07-31 14:29:32,386 - src.face_recognizer - WARNING - No face detected in provided image, using whole image
2025-07-31 14:29:32,689 - src.face_recognizer - WARNING - No face detected in provided image, using whole image
2025-07-31 14:29:36,672 - __main__ - INFO - Application closed normally
2025-07-31 16:56:12,076 - __main__ - INFO - Initializing Facial Attendance System...
2025-07-31 16:56:12,820 - src.face_recognizer - INFO - Face recognizer initialized with model path: None
2025-07-31 16:56:12,820 - src.face_recognizer - INFO - Cleared all known face encodings
2025-07-31 16:56:12,826 - src.face_recognizer - INFO - Loaded encoding for user 129259
2025-07-31 16:56:12,826 - src.face_recognizer - INFO - Reloaded 1 user face encodings
2025-07-31 16:56:13,804 - __main__ - INFO - System initialization completed successfully
2025-07-31 16:56:13,804 - __main__ - INFO - Starting in GUI mode
2025-07-31 16:56:13,811 - __main__ - INFO - Loading Complete GUI
2025-07-31 16:56:17,673 - src.face_recognizer - INFO - Face recognizer initialized with model path: None
2025-07-31 16:56:17,674 - src.face_recognizer - INFO - Cleared all known face encodings
2025-07-31 16:56:17,679 - src.face_recognizer - INFO - Loaded encoding for user 129259
2025-07-31 16:56:17,679 - src.face_recognizer - INFO - Reloaded 1 user face encodings
2025-07-31 16:56:17,972 - src.face_recognizer - INFO - Cleared all known face encodings
2025-07-31 16:56:17,973 - src.face_recognizer - INFO - Loaded encoding for user 129259
2025-07-31 16:56:17,973 - src.face_recognizer - INFO - Reloaded 1 user face encodings
2025-07-31 16:56:31,840 - __main__ - INFO - Application closed normally
2025-07-31 17:28:01,691 - __main__ - INFO - Initializing Facial Attendance System...
2025-07-31 17:28:02,435 - src.face_recognizer - INFO - Face recognizer initialized with model path: None
2025-07-31 17:28:02,435 - src.face_recognizer - INFO - Cleared all known face encodings
2025-07-31 17:28:02,436 - src.face_recognizer - INFO - Loaded encoding for user 129259
2025-07-31 17:28:02,436 - src.face_recognizer - INFO - Reloaded 1 user face encodings
2025-07-31 17:28:03,130 - __main__ - INFO - System initialization completed successfully
2025-07-31 17:28:03,131 - __main__ - INFO - Starting in GUI mode
2025-07-31 17:28:03,134 - __main__ - INFO - Loading Complete GUI
2025-07-31 17:28:04,609 - src.face_recognizer - INFO - Face recognizer initialized with model path: None
2025-07-31 17:28:04,609 - src.face_recognizer - INFO - Cleared all known face encodings
2025-07-31 17:28:04,610 - src.face_recognizer - INFO - Loaded encoding for user 129259
2025-07-31 17:28:04,610 - src.face_recognizer - INFO - Reloaded 1 user face encodings
2025-07-31 17:28:04,699 - src.face_recognizer - INFO - Cleared all known face encodings
2025-07-31 17:28:04,699 - src.face_recognizer - INFO - Loaded encoding for user 129259
2025-07-31 17:28:04,699 - src.face_recognizer - INFO - Reloaded 1 user face encodings
2025-07-31 17:32:24,258 - src.face_recognizer - INFO - Cleared all known face encodings
2025-07-31 17:32:24,260 - src.face_recognizer - INFO - Loaded encoding for user 129259
2025-07-31 17:32:24,260 - src.face_recognizer - INFO - Reloaded 1 user face encodings
2025-07-31 17:32:24,939 - src.face_recognizer - WARNING - No face detected in provided image, using whole image
2025-07-31 17:32:25,119 - src.face_recognizer - WARNING - No face detected in provided image, using whole image
2025-07-31 17:32:25,811 - src.face_recognizer - WARNING - No face detected in provided image, using whole image
2025-07-31 17:32:25,882 - src.face_recognizer - WARNING - No face detected in provided image, using whole image
2025-07-31 17:32:26,163 - src.face_recognizer - WARNING - No face detected in provided image, using whole image
2025-07-31 17:32:26,240 - src.face_recognizer - WARNING - No face detected in provided image, using whole image
2025-07-31 17:32:26,426 - src.face_recognizer - WARNING - No face detected in provided image, using whole image
2025-07-31 17:32:26,623 - src.face_recognizer - WARNING - No face detected in provided image, using whole image
2025-07-31 17:32:26,722 - src.face_recognizer - WARNING - No face detected in provided image, using whole image
2025-07-31 17:32:26,923 - src.face_recognizer - WARNING - No face detected in provided image, using whole image
2025-07-31 17:32:27,014 - src.face_recognizer - WARNING - No face detected in provided image, using whole image
2025-07-31 17:32:27,301 - src.face_recognizer - WARNING - No face detected in provided image, using whole image
2025-07-31 17:32:27,558 - src.face_recognizer - WARNING - No face detected in provided image, using whole image
2025-07-31 17:32:27,634 - src.face_recognizer - WARNING - No face detected in provided image, using whole image
2025-07-31 17:32:27,817 - src.face_recognizer - WARNING - No face detected in provided image, using whole image
2025-07-31 17:32:27,906 - src.face_recognizer - WARNING - No face detected in provided image, using whole image
2025-07-31 17:32:28,087 - src.face_recognizer - WARNING - No face detected in provided image, using whole image
2025-07-31 17:32:28,270 - src.face_recognizer - WARNING - No face detected in provided image, using whole image
2025-07-31 17:32:28,366 - src.face_recognizer - WARNING - No face detected in provided image, using whole image
2025-07-31 17:32:28,562 - src.face_recognizer - WARNING - No face detected in provided image, using whole image
2025-07-31 17:32:28,654 - src.face_recognizer - WARNING - No face detected in provided image, using whole image
2025-07-31 17:32:28,853 - src.face_recognizer - WARNING - No face detected in provided image, using whole image
2025-07-31 17:32:28,953 - src.face_recognizer - WARNING - No face detected in provided image, using whole image
2025-07-31 17:32:29,193 - src.face_recognizer - WARNING - No face detected in provided image, using whole image
2025-07-31 17:32:29,299 - src.face_recognizer - WARNING - No face detected in provided image, using whole image
2025-07-31 17:32:29,528 - src.face_recognizer - WARNING - No face detected in provided image, using whole image
2025-07-31 17:32:29,610 - src.face_recognizer - WARNING - No face detected in provided image, using whole image
2025-07-31 17:32:29,808 - src.face_recognizer - WARNING - No face detected in provided image, using whole image
2025-07-31 17:32:29,897 - src.face_recognizer - WARNING - No face detected in provided image, using whole image
2025-07-31 17:32:30,077 - src.face_recognizer - WARNING - No face detected in provided image, using whole image
2025-07-31 17:32:30,167 - src.face_recognizer - WARNING - No face detected in provided image, using whole image
2025-07-31 17:32:30,376 - src.face_recognizer - WARNING - No face detected in provided image, using whole image
2025-07-31 17:32:30,471 - src.face_recognizer - WARNING - No face detected in provided image, using whole image
2025-07-31 17:32:30,674 - src.face_recognizer - WARNING - No face detected in provided image, using whole image
2025-07-31 17:32:30,762 - src.face_recognizer - WARNING - No face detected in provided image, using whole image
2025-07-31 17:32:30,930 - src.face_recognizer - WARNING - No face detected in provided image, using whole image
2025-07-31 17:32:31,021 - src.face_recognizer - WARNING - No face detected in provided image, using whole image
2025-07-31 17:32:31,215 - src.face_recognizer - WARNING - No face detected in provided image, using whole image
2025-07-31 17:32:31,302 - src.face_recognizer - WARNING - No face detected in provided image, using whole image
2025-07-31 17:32:31,491 - src.face_recognizer - WARNING - No face detected in provided image, using whole image
2025-07-31 17:32:31,580 - src.face_recognizer - WARNING - No face detected in provided image, using whole image
2025-07-31 17:32:31,782 - src.face_recognizer - WARNING - No face detected in provided image, using whole image
2025-07-31 17:32:31,873 - src.face_recognizer - WARNING - No face detected in provided image, using whole image
2025-07-31 17:32:32,045 - src.face_recognizer - WARNING - No face detected in provided image, using whole image
2025-07-31 17:32:32,238 - src.face_recognizer - WARNING - No face detected in provided image, using whole image
2025-07-31 17:32:32,598 - src.face_recognizer - WARNING - No face detected in provided image, using whole image
2025-07-31 17:32:32,804 - src.face_recognizer - WARNING - No face detected in provided image, using whole image
2025-07-31 17:32:32,941 - src.face_recognizer - WARNING - No face detected in provided image, using whole image
2025-07-31 17:32:33,132 - src.face_recognizer - WARNING - No face detected in provided image, using whole image
2025-07-31 17:32:33,217 - src.face_recognizer - WARNING - No face detected in provided image, using whole image
2025-07-31 17:32:33,409 - src.face_recognizer - WARNING - No face detected in provided image, using whole image
2025-07-31 17:32:33,680 - src.face_recognizer - WARNING - No face detected in provided image, using whole image
2025-07-31 17:32:34,248 - src.face_recognizer - WARNING - No face detected in provided image, using whole image
2025-07-31 17:32:34,597 - src.face_recognizer - WARNING - No face detected in provided image, using whole image
2025-07-31 17:32:34,901 - src.face_recognizer - WARNING - No face detected in provided image, using whole image
2025-07-31 17:32:35,031 - src.face_recognizer - WARNING - No face detected in provided image, using whole image
2025-07-31 17:32:35,341 - src.face_recognizer - WARNING - No face detected in provided image, using whole image
2025-07-31 17:32:36,254 - src.face_recognizer - WARNING - No face detected in provided image, using whole image
2025-07-31 17:32:36,448 - src.face_recognizer - WARNING - No face detected in provided image, using whole image
2025-07-31 17:32:36,527 - src.face_recognizer - WARNING - No face detected in provided image, using whole image
2025-07-31 17:32:36,712 - src.face_recognizer - WARNING - No face detected in provided image, using whole image
2025-07-31 17:32:36,797 - src.face_recognizer - WARNING - No face detected in provided image, using whole image
2025-07-31 17:32:36,982 - src.face_recognizer - WARNING - No face detected in provided image, using whole image
2025-07-31 17:32:37,077 - src.face_recognizer - WARNING - No face detected in provided image, using whole image
2025-07-31 17:32:37,291 - src.face_recognizer - WARNING - No face detected in provided image, using whole image
2025-07-31 17:32:37,374 - src.face_recognizer - WARNING - No face detected in provided image, using whole image
2025-07-31 17:32:37,596 - src.face_recognizer - WARNING - No face detected in provided image, using whole image
2025-07-31 17:32:37,781 - src.face_recognizer - WARNING - No face detected in provided image, using whole image
2025-07-31 17:32:38,970 - src.face_recognizer - WARNING - No face detected in provided image, using whole image
2025-07-31 17:32:46,158 - src.face_recognizer - WARNING - No face detected in provided image, using whole image
2025-07-31 17:32:46,329 - src.face_recognizer - WARNING - No face detected in provided image, using whole image
2025-07-31 17:32:46,501 - src.face_recognizer - WARNING - No face detected in provided image, using whole image
2025-07-31 17:32:46,675 - src.face_recognizer - WARNING - No face detected in provided image, using whole image
2025-07-31 17:32:46,851 - src.face_recognizer - WARNING - No face detected in provided image, using whole image
2025-07-31 17:32:47,022 - src.face_recognizer - WARNING - No face detected in provided image, using whole image
2025-07-31 17:32:47,194 - src.face_recognizer - WARNING - No face detected in provided image, using whole image
2025-07-31 17:32:47,369 - src.face_recognizer - WARNING - No face detected in provided image, using whole image
2025-07-31 17:32:47,540 - src.face_recognizer - WARNING - No face detected in provided image, using whole image
2025-07-31 17:32:47,713 - src.face_recognizer - WARNING - No face detected in provided image, using whole image
2025-07-31 17:32:47,891 - src.face_recognizer - WARNING - No face detected in provided image, using whole image
2025-07-31 17:32:49,439 - src.face_recognizer - WARNING - No face detected in provided image, using whole image
2025-07-31 17:32:52,212 - src.face_recognizer - WARNING - No face detected in provided image, using whole image
2025-07-31 17:32:52,385 - src.face_recognizer - WARNING - No face detected in provided image, using whole image
2025-07-31 17:32:52,557 - src.face_recognizer - WARNING - No face detected in provided image, using whole image
2025-07-31 17:32:52,731 - src.face_recognizer - WARNING - No face detected in provided image, using whole image
2025-07-31 17:32:52,908 - src.face_recognizer - WARNING - No face detected in provided image, using whole image
2025-07-31 17:32:53,113 - src.face_recognizer - WARNING - No face detected in provided image, using whole image
2025-07-31 17:32:53,289 - src.face_recognizer - WARNING - No face detected in provided image, using whole image
2025-07-31 17:32:53,465 - src.face_recognizer - WARNING - No face detected in provided image, using whole image
2025-07-31 17:32:53,639 - src.face_recognizer - WARNING - No face detected in provided image, using whole image
2025-07-31 17:32:53,811 - src.face_recognizer - WARNING - No face detected in provided image, using whole image
2025-07-31 17:32:53,983 - src.face_recognizer - WARNING - No face detected in provided image, using whole image
2025-07-31 17:32:54,157 - src.face_recognizer - WARNING - No face detected in provided image, using whole image
2025-07-31 17:32:54,329 - src.face_recognizer - INFO - Cleared all known face encodings
2025-07-31 17:32:54,329 - src.face_recognizer - INFO - Loaded encoding for user 129259
2025-07-31 17:32:54,329 - src.face_recognizer - INFO - Reloaded 1 user face encodings
2025-07-31 17:32:54,333 - src.face_recognizer - WARNING - No face detected in provided image, using whole image
2025-07-31 17:32:54,499 - src.face_recognizer - WARNING - No face detected in provided image, using whole image
2025-07-31 17:32:54,673 - src.face_recognizer - WARNING - No face detected in provided image, using whole image
2025-07-31 17:32:54,844 - src.face_recognizer - WARNING - No face detected in provided image, using whole image
2025-07-31 17:32:55,023 - src.face_recognizer - WARNING - No face detected in provided image, using whole image
2025-07-31 17:32:55,190 - src.face_recognizer - WARNING - No face detected in provided image, using whole image
2025-07-31 17:32:55,369 - src.face_recognizer - WARNING - No face detected in provided image, using whole image
2025-07-31 17:32:55,539 - src.face_recognizer - WARNING - No face detected in provided image, using whole image
2025-07-31 17:32:55,714 - src.face_recognizer - WARNING - No face detected in provided image, using whole image
2025-07-31 17:32:56,015 - src.face_recognizer - WARNING - No face detected in provided image, using whole image
2025-07-31 17:32:56,197 - src.face_recognizer - WARNING - No face detected in provided image, using whole image
2025-07-31 17:32:56,363 - src.face_recognizer - WARNING - No face detected in provided image, using whole image
2025-07-31 17:32:56,538 - src.face_recognizer - WARNING - No face detected in provided image, using whole image
2025-07-31 17:32:56,709 - src.face_recognizer - WARNING - No face detected in provided image, using whole image
2025-07-31 17:32:56,883 - src.face_recognizer - WARNING - No face detected in provided image, using whole image
2025-07-31 17:32:57,056 - src.face_recognizer - WARNING - No face detected in provided image, using whole image
2025-07-31 17:32:57,225 - src.face_recognizer - WARNING - No face detected in provided image, using whole image
2025-07-31 17:32:57,402 - src.face_recognizer - WARNING - No face detected in provided image, using whole image
2025-07-31 17:32:58,507 - src.face_recognizer - WARNING - No face detected in provided image, using whole image
2025-07-31 17:32:59,610 - src.face_recognizer - WARNING - No face detected in provided image, using whole image
2025-07-31 17:32:59,885 - src.face_recognizer - WARNING - No face detected in provided image, using whole image
2025-07-31 17:33:00,104 - src.face_recognizer - WARNING - No face detected in provided image, using whole image
2025-07-31 17:33:00,325 - src.face_recognizer - WARNING - No face detected in provided image, using whole image
2025-07-31 17:33:00,542 - src.face_recognizer - WARNING - No face detected in provided image, using whole image
2025-07-31 17:33:00,755 - src.face_recognizer - WARNING - No face detected in provided image, using whole image
2025-07-31 17:33:00,972 - src.face_recognizer - WARNING - No face detected in provided image, using whole image
2025-07-31 17:33:01,219 - src.face_recognizer - WARNING - No face detected in provided image, using whole image
2025-07-31 17:33:01,467 - src.face_recognizer - WARNING - No face detected in provided image, using whole image
2025-07-31 17:33:01,708 - src.face_recognizer - WARNING - No face detected in provided image, using whole image
2025-07-31 17:33:01,862 - src.face_recognizer - WARNING - No face detected in provided image, using whole image
2025-07-31 17:33:01,924 - src.face_recognizer - WARNING - No face detected in provided image, using whole image
2025-07-31 17:33:02,076 - src.face_recognizer - WARNING - No face detected in provided image, using whole image
2025-07-31 17:33:02,141 - src.face_recognizer - WARNING - No face detected in provided image, using whole image
2025-07-31 17:33:02,293 - src.face_recognizer - WARNING - No face detected in provided image, using whole image
2025-07-31 17:33:02,358 - src.face_recognizer - WARNING - No face detected in provided image, using whole image
2025-07-31 17:33:02,509 - src.face_recognizer - WARNING - No face detected in provided image, using whole image
2025-07-31 17:33:02,579 - src.face_recognizer - WARNING - No face detected in provided image, using whole image
2025-07-31 17:33:03,008 - src.face_recognizer - WARNING - No face detected in provided image, using whole image
2025-07-31 17:33:03,220 - src.face_recognizer - WARNING - No face detected in provided image, using whole image
2025-07-31 17:33:06,745 - src.face_recognizer - WARNING - No face detected in provided image, using whole image
2025-07-31 17:33:07,265 - src.face_recognizer - WARNING - No face detected in provided image, using whole image
2025-07-31 17:33:07,439 - src.face_recognizer - WARNING - No face detected in provided image, using whole image
2025-07-31 17:33:07,663 - src.face_recognizer - WARNING - No face detected in provided image, using whole image
2025-07-31 17:33:07,872 - src.face_recognizer - WARNING - No face detected in provided image, using whole image
2025-07-31 17:33:07,940 - src.face_recognizer - WARNING - No face detected in provided image, using whole image
2025-07-31 17:33:08,089 - src.face_recognizer - WARNING - No face detected in provided image, using whole image
2025-07-31 17:33:08,154 - src.face_recognizer - WARNING - No face detected in provided image, using whole image
2025-07-31 17:33:08,304 - src.face_recognizer - WARNING - No face detected in provided image, using whole image
2025-07-31 17:33:08,374 - src.face_recognizer - WARNING - No face detected in provided image, using whole image
2025-07-31 17:33:08,517 - src.face_recognizer - WARNING - No face detected in provided image, using whole image
2025-07-31 17:33:08,583 - src.face_recognizer - WARNING - No face detected in provided image, using whole image
2025-07-31 17:33:08,745 - src.face_recognizer - WARNING - No face detected in provided image, using whole image
2025-07-31 17:33:08,811 - src.face_recognizer - WARNING - No face detected in provided image, using whole image
2025-07-31 17:33:08,950 - src.face_recognizer - WARNING - No face detected in provided image, using whole image
2025-07-31 17:33:09,018 - src.face_recognizer - WARNING - No face detected in provided image, using whole image
2025-07-31 17:33:09,166 - src.face_recognizer - WARNING - No face detected in provided image, using whole image
2025-07-31 17:33:09,232 - src.face_recognizer - WARNING - No face detected in provided image, using whole image
2025-07-31 17:33:09,385 - src.face_recognizer - WARNING - No face detected in provided image, using whole image
2025-07-31 17:33:09,450 - src.face_recognizer - WARNING - No face detected in provided image, using whole image
2025-07-31 17:33:09,604 - src.face_recognizer - WARNING - No face detected in provided image, using whole image
2025-07-31 17:33:09,670 - src.face_recognizer - WARNING - No face detected in provided image, using whole image
2025-07-31 17:33:09,820 - src.face_recognizer - WARNING - No face detected in provided image, using whole image
2025-07-31 17:33:09,886 - src.face_recognizer - WARNING - No face detected in provided image, using whole image
2025-07-31 17:33:10,032 - src.face_recognizer - WARNING - No face detected in provided image, using whole image
2025-07-31 17:33:10,095 - src.face_recognizer - WARNING - No face detected in provided image, using whole image
2025-07-31 17:33:10,249 - src.face_recognizer - WARNING - No face detected in provided image, using whole image
2025-07-31 17:33:10,314 - src.face_recognizer - WARNING - No face detected in provided image, using whole image
2025-07-31 17:33:10,463 - src.face_recognizer - WARNING - No face detected in provided image, using whole image
2025-07-31 17:33:10,529 - src.face_recognizer - WARNING - No face detected in provided image, using whole image
2025-07-31 17:33:10,680 - src.face_recognizer - WARNING - No face detected in provided image, using whole image
2025-07-31 17:33:10,857 - src.face_recognizer - WARNING - No face detected in provided image, using whole image
2025-07-31 17:33:10,928 - src.face_recognizer - WARNING - No face detected in provided image, using whole image
2025-07-31 17:33:11,066 - src.face_recognizer - WARNING - No face detected in provided image, using whole image
2025-07-31 17:33:11,247 - src.face_recognizer - WARNING - No face detected in provided image, using whole image
2025-07-31 17:33:11,417 - src.face_recognizer - WARNING - No face detected in provided image, using whole image
2025-07-31 17:33:11,591 - src.face_recognizer - WARNING - No face detected in provided image, using whole image
2025-07-31 17:33:11,763 - src.face_recognizer - WARNING - No face detected in provided image, using whole image
2025-07-31 17:33:11,936 - src.face_recognizer - WARNING - No face detected in provided image, using whole image
2025-07-31 17:33:12,109 - src.face_recognizer - WARNING - No face detected in provided image, using whole image
2025-07-31 17:33:12,282 - src.face_recognizer - WARNING - No face detected in provided image, using whole image
2025-07-31 17:33:12,460 - src.face_recognizer - WARNING - No face detected in provided image, using whole image
2025-07-31 17:33:12,629 - src.face_recognizer - WARNING - No face detected in provided image, using whole image
2025-07-31 17:33:12,801 - src.face_recognizer - WARNING - No face detected in provided image, using whole image
2025-07-31 17:33:12,974 - src.face_recognizer - WARNING - No face detected in provided image, using whole image
2025-07-31 17:33:13,147 - src.face_recognizer - WARNING - No face detected in provided image, using whole image
2025-07-31 17:33:13,320 - src.face_recognizer - WARNING - No face detected in provided image, using whole image
2025-07-31 17:33:13,493 - src.face_recognizer - WARNING - No face detected in provided image, using whole image
2025-07-31 17:33:13,924 - src.face_recognizer - WARNING - No face detected in provided image, using whole image
2025-07-31 17:33:14,100 - src.face_recognizer - WARNING - No face detected in provided image, using whole image
2025-07-31 17:33:14,276 - src.face_recognizer - WARNING - No face detected in provided image, using whole image
2025-07-31 17:33:14,619 - src.face_recognizer - WARNING - No face detected in provided image, using whole image
2025-07-31 17:33:14,792 - src.face_recognizer - WARNING - No face detected in provided image, using whole image
2025-07-31 17:33:14,966 - src.face_recognizer - WARNING - No face detected in provided image, using whole image
2025-07-31 17:33:15,137 - src.face_recognizer - WARNING - No face detected in provided image, using whole image
2025-07-31 17:33:15,311 - src.face_recognizer - WARNING - No face detected in provided image, using whole image
2025-07-31 17:33:15,477 - src.face_recognizer - WARNING - No face detected in provided image, using whole image
2025-07-31 17:33:15,738 - src.face_recognizer - WARNING - No face detected in provided image, using whole image
2025-07-31 17:33:15,916 - src.face_recognizer - WARNING - No face detected in provided image, using whole image
2025-07-31 17:33:16,090 - src.face_recognizer - WARNING - No face detected in provided image, using whole image
2025-07-31 17:33:16,261 - src.face_recognizer - WARNING - No face detected in provided image, using whole image
2025-07-31 17:33:16,494 - src.face_recognizer - WARNING - No face detected in provided image, using whole image
2025-07-31 17:33:17,864 - src.face_recognizer - WARNING - No face detected in provided image, using whole image
2025-07-31 17:33:18,162 - src.face_recognizer - WARNING - No face detected in provided image, using whole image
2025-07-31 17:33:18,342 - src.face_recognizer - WARNING - No face detected in provided image, using whole image
2025-07-31 17:33:18,408 - src.face_recognizer - WARNING - No face detected in provided image, using whole image
2025-07-31 17:33:24,309 - src.face_recognizer - WARNING - No face detected in provided image, using whole image
2025-07-31 17:33:24,400 - src.face_recognizer - INFO - Cleared all known face encodings
2025-07-31 17:33:24,401 - src.face_recognizer - INFO - Loaded encoding for user 129259
2025-07-31 17:33:24,401 - src.face_recognizer - INFO - Reloaded 1 user face encodings
2025-07-31 17:33:24,829 - src.face_recognizer - WARNING - No face detected in provided image, using whole image
2025-07-31 17:33:25,433 - src.face_recognizer - WARNING - No face detected in provided image, using whole image
2025-07-31 17:33:25,606 - src.face_recognizer - WARNING - No face detected in provided image, using whole image
2025-07-31 17:33:27,425 - src.face_recognizer - WARNING - No face detected in provided image, using whole image
2025-07-31 17:33:27,594 - src.face_recognizer - WARNING - No face detected in provided image, using whole image
2025-07-31 17:33:45,375 - src.face_recognizer - WARNING - No face detected in provided image, using whole image
2025-07-31 17:33:46,414 - src.face_recognizer - WARNING - No face detected in provided image, using whole image
2025-07-31 17:33:46,595 - src.face_recognizer - WARNING - No face detected in provided image, using whole image
2025-07-31 17:33:51,259 - src.face_recognizer - WARNING - No face detected in provided image, using whole image
2025-07-31 17:33:51,946 - src.face_recognizer - WARNING - No face detected in provided image, using whole image
2025-07-31 17:33:52,121 - src.face_recognizer - WARNING - No face detected in provided image, using whole image
2025-07-31 17:33:52,383 - src.face_recognizer - WARNING - No face detected in provided image, using whole image
2025-07-31 17:33:52,556 - src.face_recognizer - WARNING - No face detected in provided image, using whole image
2025-07-31 17:33:52,728 - src.face_recognizer - WARNING - No face detected in provided image, using whole image
2025-07-31 17:33:52,903 - src.face_recognizer - WARNING - No face detected in provided image, using whole image
2025-07-31 17:33:53,079 - src.face_recognizer - WARNING - No face detected in provided image, using whole image
2025-07-31 17:33:53,251 - src.face_recognizer - WARNING - No face detected in provided image, using whole image
2025-07-31 17:33:53,422 - src.face_recognizer - WARNING - No face detected in provided image, using whole image
2025-07-31 17:33:53,595 - src.face_recognizer - WARNING - No face detected in provided image, using whole image
2025-07-31 17:33:53,767 - src.face_recognizer - WARNING - No face detected in provided image, using whole image
2025-07-31 17:33:53,940 - src.face_recognizer - WARNING - No face detected in provided image, using whole image
2025-07-31 17:33:55,067 - src.face_recognizer - INFO - Cleared all known face encodings
2025-07-31 17:33:55,068 - src.face_recognizer - INFO - Loaded encoding for user 129259
2025-07-31 17:33:55,068 - src.face_recognizer - INFO - Reloaded 1 user face encodings
2025-07-31 17:33:59,955 - src.face_recognizer - WARNING - No face detected in provided image, using whole image
2025-07-31 17:34:00,124 - src.face_recognizer - WARNING - No face detected in provided image, using whole image
2025-07-31 17:34:00,297 - src.face_recognizer - WARNING - No face detected in provided image, using whole image
2025-07-31 17:34:00,471 - src.face_recognizer - WARNING - No face detected in provided image, using whole image
2025-07-31 17:34:00,688 - src.face_recognizer - WARNING - No face detected in provided image, using whole image
2025-07-31 17:34:00,862 - src.face_recognizer - WARNING - No face detected in provided image, using whole image
2025-07-31 17:34:01,033 - src.face_recognizer - WARNING - No face detected in provided image, using whole image
2025-07-31 17:34:01,206 - src.face_recognizer - WARNING - No face detected in provided image, using whole image
2025-07-31 17:34:01,379 - src.face_recognizer - WARNING - No face detected in provided image, using whole image
2025-07-31 17:34:01,552 - src.face_recognizer - WARNING - No face detected in provided image, using whole image
2025-07-31 17:34:01,726 - src.face_recognizer - WARNING - No face detected in provided image, using whole image
2025-07-31 17:34:01,896 - src.face_recognizer - WARNING - No face detected in provided image, using whole image
2025-07-31 17:34:02,070 - src.face_recognizer - WARNING - No face detected in provided image, using whole image
2025-07-31 17:34:02,243 - src.face_recognizer - WARNING - No face detected in provided image, using whole image
2025-07-31 17:34:03,281 - src.face_recognizer - WARNING - No face detected in provided image, using whole image
2025-07-31 17:34:03,454 - src.face_recognizer - WARNING - No face detected in provided image, using whole image
2025-07-31 17:34:03,627 - src.face_recognizer - WARNING - No face detected in provided image, using whole image
2025-07-31 17:34:03,801 - src.face_recognizer - WARNING - No face detected in provided image, using whole image
2025-07-31 17:34:03,977 - src.face_recognizer - WARNING - No face detected in provided image, using whole image
2025-07-31 17:34:04,149 - src.face_recognizer - WARNING - No face detected in provided image, using whole image
2025-07-31 17:34:04,319 - src.face_recognizer - WARNING - No face detected in provided image, using whole image
2025-07-31 17:34:10,636 - src.face_recognizer - WARNING - No face detected in provided image, using whole image
2025-07-31 17:34:10,807 - src.face_recognizer - WARNING - No face detected in provided image, using whole image
2025-07-31 17:34:10,983 - src.face_recognizer - WARNING - No face detected in provided image, using whole image
2025-07-31 17:34:11,155 - src.face_recognizer - WARNING - No face detected in provided image, using whole image
2025-07-31 17:34:11,327 - src.face_recognizer - WARNING - No face detected in provided image, using whole image
2025-07-31 17:34:12,110 - src.face_recognizer - WARNING - No face detected in provided image, using whole image
2025-07-31 17:34:12,365 - src.face_recognizer - WARNING - No face detected in provided image, using whole image
2025-07-31 17:34:12,534 - src.face_recognizer - WARNING - No face detected in provided image, using whole image
2025-07-31 17:34:12,707 - src.face_recognizer - WARNING - No face detected in provided image, using whole image
2025-07-31 17:34:12,883 - src.face_recognizer - WARNING - No face detected in provided image, using whole image
2025-07-31 17:34:13,056 - src.face_recognizer - WARNING - No face detected in provided image, using whole image
2025-07-31 17:34:13,232 - src.face_recognizer - WARNING - No face detected in provided image, using whole image
2025-07-31 17:34:13,923 - src.face_recognizer - WARNING - No face detected in provided image, using whole image
2025-07-31 17:34:14,097 - src.face_recognizer - WARNING - No face detected in provided image, using whole image
2025-07-31 17:34:14,268 - src.face_recognizer - WARNING - No face detected in provided image, using whole image
2025-07-31 17:34:14,447 - src.face_recognizer - WARNING - No face detected in provided image, using whole image
2025-07-31 17:34:14,615 - src.face_recognizer - WARNING - No face detected in provided image, using whole image
2025-07-31 17:34:14,870 - src.face_recognizer - WARNING - No face detected in provided image, using whole image
2025-07-31 17:34:15,050 - src.face_recognizer - WARNING - No face detected in provided image, using whole image
2025-07-31 17:34:15,215 - src.face_recognizer - WARNING - No face detected in provided image, using whole image
2025-07-31 17:34:15,566 - src.face_recognizer - WARNING - No face detected in provided image, using whole image
2025-07-31 17:34:16,087 - src.face_recognizer - WARNING - No face detected in provided image, using whole image
2025-07-31 17:34:16,430 - src.face_recognizer - WARNING - No face detected in provided image, using whole image
2025-07-31 17:34:16,605 - src.face_recognizer - WARNING - No face detected in provided image, using whole image
2025-07-31 17:34:16,783 - src.face_recognizer - WARNING - No face detected in provided image, using whole image
2025-07-31 17:34:16,952 - src.face_recognizer - WARNING - No face detected in provided image, using whole image
2025-07-31 17:34:17,122 - src.face_recognizer - WARNING - No face detected in provided image, using whole image
2025-07-31 17:34:17,296 - src.face_recognizer - WARNING - No face detected in provided image, using whole image
2025-07-31 17:34:17,468 - src.face_recognizer - WARNING - No face detected in provided image, using whole image
2025-07-31 17:34:17,637 - src.face_recognizer - WARNING - No face detected in provided image, using whole image
2025-07-31 17:34:17,814 - src.face_recognizer - WARNING - No face detected in provided image, using whole image
2025-07-31 17:34:17,990 - src.face_recognizer - WARNING - No face detected in provided image, using whole image
2025-07-31 17:34:18,248 - src.face_recognizer - WARNING - No face detected in provided image, using whole image
2025-07-31 17:34:18,421 - src.face_recognizer - WARNING - No face detected in provided image, using whole image
2025-07-31 17:34:18,598 - src.face_recognizer - WARNING - No face detected in provided image, using whole image
2025-07-31 17:34:18,767 - src.face_recognizer - WARNING - No face detected in provided image, using whole image
2025-07-31 17:34:18,941 - src.face_recognizer - WARNING - No face detected in provided image, using whole image
2025-07-31 17:34:19,286 - src.face_recognizer - WARNING - No face detected in provided image, using whole image
2025-07-31 17:34:19,631 - src.face_recognizer - WARNING - No face detected in provided image, using whole image
2025-07-31 17:34:19,807 - src.face_recognizer - WARNING - No face detected in provided image, using whole image
2025-07-31 17:34:19,978 - src.face_recognizer - WARNING - No face detected in provided image, using whole image
2025-07-31 17:34:20,155 - src.face_recognizer - WARNING - No face detected in provided image, using whole image
2025-07-31 17:34:20,583 - src.face_recognizer - WARNING - No face detected in provided image, using whole image
2025-07-31 17:34:20,760 - src.face_recognizer - WARNING - No face detected in provided image, using whole image
2025-07-31 17:34:20,932 - src.face_recognizer - WARNING - No face detected in provided image, using whole image
2025-07-31 17:34:25,650 - src.face_recognizer - INFO - Cleared all known face encodings
2025-07-31 17:34:25,651 - src.face_recognizer - INFO - Loaded encoding for user 129259
2025-07-31 17:34:25,651 - src.face_recognizer - INFO - Reloaded 1 user face encodings
2025-07-31 17:34:56,448 - src.face_recognizer - INFO - Cleared all known face encodings
2025-07-31 17:34:56,449 - src.face_recognizer - INFO - Loaded encoding for user 129259
2025-07-31 17:34:56,449 - src.face_recognizer - INFO - Reloaded 1 user face encodings
2025-07-31 17:35:11,761 - src.face_recognizer - WARNING - No face detected in provided image, using whole image
2025-07-31 17:35:14,665 - src.face_recognizer - WARNING - No face detected in provided image, using whole image
2025-07-31 17:35:15,964 - src.face_recognizer - WARNING - No face detected in provided image, using whole image
2025-07-31 17:35:16,438 - src.face_recognizer - WARNING - No face detected in provided image, using whole image
2025-07-31 17:35:16,614 - src.face_recognizer - WARNING - No face detected in provided image, using whole image
2025-07-31 17:35:23,785 - src.face_recognizer - WARNING - No face detected in provided image, using whole image
2025-07-31 17:35:24,566 - src.face_recognizer - WARNING - No face detected in provided image, using whole image
2025-07-31 17:35:27,116 - src.face_recognizer - INFO - Cleared all known face encodings
2025-07-31 17:35:27,116 - src.face_recognizer - INFO - Loaded encoding for user 129259
2025-07-31 17:35:27,116 - src.face_recognizer - INFO - Reloaded 1 user face encodings
2025-07-31 17:35:28,757 - src.face_recognizer - WARNING - No face detected in provided image, using whole image
2025-07-31 17:35:29,068 - src.face_recognizer - WARNING - No face detected in provided image, using whole image
2025-07-31 17:35:29,525 - src.face_recognizer - WARNING - No face detected in provided image, using whole image
2025-07-31 17:35:29,790 - src.face_recognizer - WARNING - No face detected in provided image, using whole image
2025-07-31 17:35:30,321 - src.face_recognizer - WARNING - No face detected in provided image, using whole image
2025-07-31 17:35:35,634 - src.face_recognizer - WARNING - No face detected in provided image, using whole image
2025-07-31 17:35:37,971 - src.face_recognizer - WARNING - No face detected in provided image, using whole image
2025-07-31 17:35:38,663 - src.face_recognizer - WARNING - No face detected in provided image, using whole image
2025-07-31 17:35:38,840 - src.face_recognizer - WARNING - No face detected in provided image, using whole image
2025-07-31 17:35:39,478 - src.face_recognizer - WARNING - No face detected in provided image, using whole image
2025-07-31 17:35:40,596 - src.face_recognizer - WARNING - No face detected in provided image, using whole image
2025-07-31 17:35:41,032 - src.face_recognizer - WARNING - No face detected in provided image, using whole image
2025-07-31 17:35:41,214 - src.face_recognizer - WARNING - No face detected in provided image, using whole image
2025-07-31 17:35:41,284 - src.face_recognizer - WARNING - No face detected in provided image, using whole image
2025-07-31 17:35:41,604 - src.face_recognizer - WARNING - No face detected in provided image, using whole image
2025-07-31 17:35:42,281 - src.face_recognizer - WARNING - No face detected in provided image, using whole image
2025-07-31 17:35:42,546 - src.face_recognizer - WARNING - No face detected in provided image, using whole image
2025-07-31 17:35:42,807 - src.face_recognizer - WARNING - No face detected in provided image, using whole image
2025-07-31 17:35:43,078 - src.face_recognizer - WARNING - No face detected in provided image, using whole image
2025-07-31 17:35:43,332 - src.face_recognizer - WARNING - No face detected in provided image, using whole image
2025-07-31 17:35:43,587 - src.face_recognizer - WARNING - No face detected in provided image, using whole image
2025-07-31 17:35:43,767 - src.face_recognizer - WARNING - No face detected in provided image, using whole image
2025-07-31 17:35:43,940 - src.face_recognizer - WARNING - No face detected in provided image, using whole image
2025-07-31 17:35:44,113 - src.face_recognizer - WARNING - No face detected in provided image, using whole image
2025-07-31 17:35:44,284 - src.face_recognizer - WARNING - No face detected in provided image, using whole image
2025-07-31 17:35:44,461 - src.face_recognizer - WARNING - No face detected in provided image, using whole image
2025-07-31 17:35:44,640 - src.face_recognizer - WARNING - No face detected in provided image, using whole image
2025-07-31 17:35:44,808 - src.face_recognizer - WARNING - No face detected in provided image, using whole image
2025-07-31 17:35:45,150 - src.face_recognizer - WARNING - No face detected in provided image, using whole image
2025-07-31 17:35:45,410 - src.face_recognizer - WARNING - No face detected in provided image, using whole image
2025-07-31 17:35:45,669 - src.face_recognizer - WARNING - No face detected in provided image, using whole image
2025-07-31 17:35:46,584 - src.face_recognizer - WARNING - No face detected in provided image, using whole image
2025-07-31 17:35:46,974 - src.face_recognizer - WARNING - No face detected in provided image, using whole image
2025-07-31 17:35:47,734 - src.face_recognizer - WARNING - No face detected in provided image, using whole image
2025-07-31 17:35:47,994 - src.face_recognizer - WARNING - No face detected in provided image, using whole image
2025-07-31 17:35:48,188 - src.face_recognizer - WARNING - No face detected in provided image, using whole image
2025-07-31 17:35:48,252 - src.face_recognizer - WARNING - No face detected in provided image, using whole image
2025-07-31 17:35:48,393 - src.face_recognizer - WARNING - No face detected in provided image, using whole image
2025-07-31 17:35:48,570 - src.face_recognizer - WARNING - No face detected in provided image, using whole image
2025-07-31 17:35:49,613 - src.face_recognizer - WARNING - No face detected in provided image, using whole image
2025-07-31 17:35:50,996 - src.face_recognizer - WARNING - No face detected in provided image, using whole image
2025-07-31 17:35:51,943 - src.face_recognizer - WARNING - No face detected in provided image, using whole image
2025-07-31 17:35:52,118 - src.face_recognizer - WARNING - No face detected in provided image, using whole image
2025-07-31 17:35:53,414 - __main__ - INFO - Application closed normally
